09:40:15.048 [eu.europa.ted.eforms.noticeeditordemo.EformsNoticeEditorDemoApplication.main()] INFO  e.e.t.e.n.EformsNoticeEditorDemoApplication - STARTING eForms Notice Editor Demo Application
09:40:15.684 [eu.europa.ted.eforms.noticeeditordemo.EformsNoticeEditorDemoApplication.main()] INFO  e.e.t.e.n.EformsNoticeEditorDemoApplication - Starting EformsNoticeEditorDemoApplication using Java 15.0.2 on 02DI20192628272 with PID 11100 (C:\Users\rouschr\dev\eclipse-workspace\tedefo\eforms-notice-editor\target\classes started by rouschr in C:\Users\rouschr\dev\eclipse-workspace\tedefo\eforms-notice-editor)
09:40:15.685 [eu.europa.ted.eforms.noticeeditordemo.EformsNoticeEditorDemoApplication.main()] DEBUG e.e.t.e.n.EformsNoticeEditorDemoApplication - Running with Spring Boot v2.7.0, Spring v5.3.20
09:40:15.686 [eu.europa.ted.eforms.noticeeditordemo.EformsNoticeEditorDemoApplication.main()] INFO  e.e.t.e.n.EformsNoticeEditorDemoApplication - No active profile set, falling back to 1 default profile: "default"
09:40:15.761 [eu.europa.ted.eforms.noticeeditordemo.EformsNoticeEditorDemoApplication.main()] INFO  o.s.b.d.e.DevToolsPropertyDefaultsPostProcessor - For additional web related logging consider setting the 'logging.level.web' property to 'DEBUG'
09:40:17.574 [eu.europa.ted.eforms.noticeeditordemo.EformsNoticeEditorDemoApplication.main()] INFO  o.s.b.w.e.tomcat.TomcatWebServer - Tomcat initialized with port(s): 8080 (http)
09:40:17.584 [eu.europa.ted.eforms.noticeeditordemo.EformsNoticeEditorDemoApplication.main()] INFO  o.a.coyote.http11.Http11NioProtocol - Initializing ProtocolHandler ["http-nio-8080"]
09:40:17.585 [eu.europa.ted.eforms.noticeeditordemo.EformsNoticeEditorDemoApplication.main()] INFO  o.a.catalina.core.StandardService - Starting service [Tomcat]
09:40:17.585 [eu.europa.ted.eforms.noticeeditordemo.EformsNoticeEditorDemoApplication.main()] INFO  o.a.catalina.core.StandardEngine - Starting Servlet engine: [Apache Tomcat/9.0.63]
09:40:17.697 [eu.europa.ted.eforms.noticeeditordemo.EformsNoticeEditorDemoApplication.main()] INFO  o.a.c.c.C.[Tomcat].[localhost].[/] - Initializing Spring embedded WebApplicationContext
09:40:17.697 [eu.europa.ted.eforms.noticeeditordemo.EformsNoticeEditorDemoApplication.main()] INFO  o.s.b.w.s.c.ServletWebServerApplicationContext - Root WebApplicationContext: initialization completed in 1935 ms
09:40:17.957 [eu.europa.ted.eforms.noticeeditordemo.EformsNoticeEditorDemoApplication.main()] DEBUG o.s.w.s.m.m.a.RequestMappingHandlerAdapter - ControllerAdvice beans: 0 @ModelAttribute, 0 @InitBinder, 1 RequestBodyAdvice, 1 ResponseBodyAdvice
09:40:18.046 [eu.europa.ted.eforms.noticeeditordemo.EformsNoticeEditorDemoApplication.main()] INFO  o.s.b.a.w.s.WelcomePageHandlerMapping - Adding welcome page: class path resource [static/index.html]
09:40:18.120 [eu.europa.ted.eforms.noticeeditordemo.EformsNoticeEditorDemoApplication.main()] DEBUG o.s.w.s.m.m.a.RequestMappingHandlerMapping - 7 mappings in 'requestMappingHandlerMapping'
09:40:18.148 [eu.europa.ted.eforms.noticeeditordemo.EformsNoticeEditorDemoApplication.main()] DEBUG o.s.w.s.h.SimpleUrlHandlerMapping - Patterns [/webjars/**, /**] in 'resourceHandlerMapping'
09:40:18.160 [eu.europa.ted.eforms.noticeeditordemo.EformsNoticeEditorDemoApplication.main()] DEBUG o.s.w.s.m.m.a.ExceptionHandlerExceptionResolver - ControllerAdvice beans: 0 @ExceptionHandler, 1 ResponseBodyAdvice
09:40:18.211 [eu.europa.ted.eforms.noticeeditordemo.EformsNoticeEditorDemoApplication.main()] WARN  o.s.b.a.t.ThymeleafAutoConfiguration$DefaultTemplateResolverConfiguration - Cannot find template location: classpath:/templates/ (please add some templates or check your Thymeleaf configuration)
09:40:18.260 [eu.europa.ted.eforms.noticeeditordemo.EformsNoticeEditorDemoApplication.main()] INFO  o.a.coyote.http11.Http11NioProtocol - Starting ProtocolHandler ["http-nio-8080"]
09:40:18.327 [eu.europa.ted.eforms.noticeeditordemo.EformsNoticeEditorDemoApplication.main()] INFO  o.s.b.w.e.tomcat.TomcatWebServer - Tomcat started on port(s): 8080 (http) with context path ''
09:40:18.341 [eu.europa.ted.eforms.noticeeditordemo.EformsNoticeEditorDemoApplication.main()] INFO  e.e.t.e.n.EformsNoticeEditorDemoApplication - Started EformsNoticeEditorDemoApplication in 3.135 seconds (JVM running for 11.412)
10:33:55.271 [http-nio-8080-exec-1] INFO  o.a.c.c.C.[Tomcat].[localhost].[/] - Initializing Spring DispatcherServlet 'dispatcherServlet'
10:33:55.272 [http-nio-8080-exec-1] INFO  o.s.web.servlet.DispatcherServlet - Initializing Servlet 'dispatcherServlet'
10:33:55.273 [http-nio-8080-exec-1] DEBUG o.s.web.servlet.DispatcherServlet - Detected StandardServletMultipartResolver
10:33:55.273 [http-nio-8080-exec-1] DEBUG o.s.web.servlet.DispatcherServlet - Detected AcceptHeaderLocaleResolver
10:33:55.273 [http-nio-8080-exec-1] DEBUG o.s.web.servlet.DispatcherServlet - Detected FixedThemeResolver
10:33:55.275 [http-nio-8080-exec-1] DEBUG o.s.web.servlet.DispatcherServlet - Detected org.springframework.web.servlet.view.DefaultRequestToViewNameTranslator@717909a5
10:33:55.275 [http-nio-8080-exec-1] DEBUG o.s.web.servlet.DispatcherServlet - Detected org.springframework.web.servlet.support.SessionFlashMapManager@41d2de71
10:33:55.275 [http-nio-8080-exec-1] DEBUG o.s.web.servlet.DispatcherServlet - enableLoggingRequestDetails='false': request parameters and headers will be masked to prevent unsafe logging of potentially sensitive data
10:33:55.275 [http-nio-8080-exec-1] INFO  o.s.web.servlet.DispatcherServlet - Completed initialization in 3 ms
10:33:55.285 [http-nio-8080-exec-1] DEBUG o.s.web.servlet.DispatcherServlet - GET "/", parameters={}
10:33:55.300 [http-nio-8080-exec-1] DEBUG o.s.w.s.v.ContentNegotiatingViewResolver - Selected 'text/html' given [text/html, application/xhtml+xml, image/webp, application/xml;q=0.9, */*;q=0.8]
10:33:55.300 [http-nio-8080-exec-1] DEBUG o.s.w.s.view.InternalResourceView - View [InternalResourceView], model {}
10:33:55.301 [http-nio-8080-exec-1] DEBUG o.s.w.s.view.InternalResourceView - Forwarding to [index.html]
10:33:55.304 [http-nio-8080-exec-1] DEBUG o.s.web.servlet.DispatcherServlet - "FORWARD" dispatch for GET "/index.html", parameters={}
10:33:55.309 [http-nio-8080-exec-1] DEBUG o.s.w.s.h.SimpleUrlHandlerMapping - Mapped to ResourceHttpRequestHandler [classpath [META-INF/resources/], classpath [resources/], classpath [static/], classpath [public/], ServletContext [/]]
10:33:55.324 [http-nio-8080-exec-1] DEBUG o.s.web.servlet.DispatcherServlet - Exiting from "FORWARD" dispatch, status 200
10:33:55.325 [http-nio-8080-exec-1] DEBUG o.s.web.servlet.DispatcherServlet - Completed 200 OK
10:33:55.362 [http-nio-8080-exec-2] DEBUG o.s.web.servlet.DispatcherServlet - GET "/css/custom.css", parameters={}
10:33:55.363 [http-nio-8080-exec-2] DEBUG o.s.w.s.h.SimpleUrlHandlerMapping - Mapped to ResourceHttpRequestHandler [classpath [META-INF/resources/], classpath [resources/], classpath [static/], classpath [public/], ServletContext [/]]
10:33:55.364 [http-nio-8080-exec-3] DEBUG o.s.web.servlet.DispatcherServlet - GET "/js/custom/home.js", parameters={}
10:33:55.365 [http-nio-8080-exec-3] DEBUG o.s.w.s.h.SimpleUrlHandlerMapping - Mapped to ResourceHttpRequestHandler [classpath [META-INF/resources/], classpath [resources/], classpath [static/], classpath [public/], ServletContext [/]]
10:33:55.367 [http-nio-8080-exec-2] DEBUG o.s.web.servlet.DispatcherServlet - Completed 200 OK
10:33:55.367 [http-nio-8080-exec-3] DEBUG o.s.web.servlet.DispatcherServlet - Completed 200 OK
10:33:55.370 [http-nio-8080-exec-4] DEBUG o.s.web.servlet.DispatcherServlet - GET "/favicon.ico", parameters={}
10:33:55.371 [http-nio-8080-exec-4] DEBUG o.s.w.s.h.SimpleUrlHandlerMapping - Mapped to ResourceHttpRequestHandler [classpath [META-INF/resources/], classpath [resources/], classpath [static/], classpath [public/], ServletContext [/]]
10:33:55.381 [http-nio-8080-exec-5] DEBUG o.s.web.servlet.DispatcherServlet - GET "/home/info", parameters={}
10:33:55.384 [http-nio-8080-exec-5] DEBUG o.s.w.s.m.m.a.RequestMappingHandlerMapping - Mapped to eu.europa.ted.eforms.noticeeditordemo.controller.HomeRestController#selectHomeInfo()
10:33:55.401 [http-nio-8080-exec-4] DEBUG o.s.web.servlet.DispatcherServlet - Completed 200 OK
10:33:55.403 [http-nio-8080-exec-5] INFO  e.e.t.e.n.c.HomeRestController - Fetching main info: 2022-06-09T08:33:55.403289100Z
10:33:55.419 [http-nio-8080-exec-5] INFO  e.e.t.e.n.c.HomeRestController - Fetching main info: DONE
10:33:55.423 [http-nio-8080-exec-5] DEBUG o.s.w.s.m.m.a.RequestResponseBodyMethodProcessor - Using 'application/json', given [*/*] and supported [application/json]
10:33:55.437 [http-nio-8080-exec-5] DEBUG o.s.w.s.m.m.a.RequestResponseBodyMethodProcessor - Writing [{appVersion=1.0.0, sdkVersions=[0.7.1, 0.7.0]}]
10:33:55.456 [http-nio-8080-exec-5] DEBUG o.s.web.servlet.DispatcherServlet - Completed 200 OK
10:33:55.462 [http-nio-8080-exec-6] DEBUG o.s.web.servlet.DispatcherServlet - GET "/home/sdk/0.7.1/notice-types", parameters={}
10:33:55.463 [http-nio-8080-exec-6] DEBUG o.s.w.s.m.m.a.RequestMappingHandlerMapping - Mapped to eu.europa.ted.eforms.noticeeditordemo.controller.HomeRestController#selectNoticeTypesList(String)
10:33:55.482 [http-nio-8080-exec-6] INFO  e.e.t.e.n.c.HomeRestController - Fetching main info: DONE
10:33:55.483 [http-nio-8080-exec-6] DEBUG o.s.w.s.m.m.a.RequestResponseBodyMethodProcessor - Using 'application/json', given [*/*] and supported [application/json]
10:33:55.483 [http-nio-8080-exec-6] DEBUG o.s.w.s.m.m.a.RequestResponseBodyMethodProcessor - Writing [{sdkVersion=0.7.1, noticeTypes=[1, 2, 3, 4, 5, 6, 7, 8, 9, 10, 11, 12, 13, 14, 15, 16, 17, 18, 19, 2 (truncated)...]
10:33:55.484 [http-nio-8080-exec-6] DEBUG o.s.web.servlet.DispatcherServlet - Completed 200 OK
10:33:58.137 [http-nio-8080-exec-7] DEBUG o.s.web.servlet.DispatcherServlet - GET "/home/sdk/0.7.1/fields", parameters={}
10:33:58.138 [http-nio-8080-exec-7] DEBUG o.s.w.s.m.m.a.RequestMappingHandlerMapping - Mapped to eu.europa.ted.eforms.noticeeditordemo.controller.HomeRestController#serveNoticeTypeJson(HttpServletResponse, String)
10:33:58.173 [http-nio-8080-exec-7] DEBUG o.s.web.servlet.DispatcherServlet - Completed 200 OK
10:33:58.190 [http-nio-8080-exec-8] DEBUG o.s.web.servlet.DispatcherServlet - GET "/home/sdk/0.7.1/notice-types/1", parameters={}
10:33:58.191 [http-nio-8080-exec-8] DEBUG o.s.w.s.m.m.a.RequestMappingHandlerMapping - Mapped to eu.europa.ted.eforms.noticeeditordemo.controller.HomeRestController#serveNoticeTypeJson(HttpServletResponse, String, String)
10:33:58.193 [http-nio-8080-exec-8] DEBUG o.s.web.servlet.DispatcherServlet - Completed 200 OK
10:35:01.684 [http-nio-8080-exec-3] DEBUG o.s.web.servlet.DispatcherServlet - GET "/", parameters={}
10:35:01.685 [http-nio-8080-exec-3] DEBUG o.s.w.s.v.ContentNegotiatingViewResolver - Selected 'text/html' given [text/html, application/xhtml+xml, image/webp, application/xml;q=0.9, */*;q=0.8]
10:35:01.686 [http-nio-8080-exec-3] DEBUG o.s.w.s.view.InternalResourceView - View [InternalResourceView], model {}
10:35:01.686 [http-nio-8080-exec-3] DEBUG o.s.w.s.view.InternalResourceView - Forwarding to [index.html]
10:35:01.686 [http-nio-8080-exec-3] DEBUG o.s.web.servlet.DispatcherServlet - "FORWARD" dispatch for GET "/index.html", parameters={}
10:35:01.687 [http-nio-8080-exec-3] DEBUG o.s.w.s.h.SimpleUrlHandlerMapping - Mapped to ResourceHttpRequestHandler [classpath [META-INF/resources/], classpath [resources/], classpath [static/], classpath [public/], ServletContext [/]]
10:35:01.692 [http-nio-8080-exec-3] DEBUG o.s.web.servlet.DispatcherServlet - Exiting from "FORWARD" dispatch, status 200
10:35:01.692 [http-nio-8080-exec-3] DEBUG o.s.web.servlet.DispatcherServlet - Completed 200 OK
10:35:01.704 [http-nio-8080-exec-2] DEBUG o.s.web.servlet.DispatcherServlet - GET "/css/custom.css", parameters={}
10:35:01.705 [http-nio-8080-exec-2] DEBUG o.s.w.s.h.SimpleUrlHandlerMapping - Mapped to ResourceHttpRequestHandler [classpath [META-INF/resources/], classpath [resources/], classpath [static/], classpath [public/], ServletContext [/]]
10:35:01.705 [http-nio-8080-exec-4] DEBUG o.s.web.servlet.DispatcherServlet - GET "/js/custom/home.js", parameters={}
10:35:01.706 [http-nio-8080-exec-4] DEBUG o.s.w.s.h.SimpleUrlHandlerMapping - Mapped to ResourceHttpRequestHandler [classpath [META-INF/resources/], classpath [resources/], classpath [static/], classpath [public/], ServletContext [/]]
10:35:01.708 [http-nio-8080-exec-2] DEBUG o.s.web.servlet.DispatcherServlet - Completed 200 OK
10:35:01.709 [http-nio-8080-exec-4] DEBUG o.s.web.servlet.DispatcherServlet - Completed 200 OK
10:35:01.712 [http-nio-8080-exec-5] DEBUG o.s.web.servlet.DispatcherServlet - GET "/favicon.ico", parameters={}
10:35:01.712 [http-nio-8080-exec-5] DEBUG o.s.w.s.h.SimpleUrlHandlerMapping - Mapped to ResourceHttpRequestHandler [classpath [META-INF/resources/], classpath [resources/], classpath [static/], classpath [public/], ServletContext [/]]
10:35:01.713 [http-nio-8080-exec-6] DEBUG o.s.web.servlet.DispatcherServlet - GET "/home/info", parameters={}
10:35:01.713 [http-nio-8080-exec-6] DEBUG o.s.w.s.m.m.a.RequestMappingHandlerMapping - Mapped to eu.europa.ted.eforms.noticeeditordemo.controller.HomeRestController#selectHomeInfo()
10:35:01.713 [http-nio-8080-exec-6] INFO  e.e.t.e.n.c.HomeRestController - Fetching main info: 2022-06-09T08:35:01.713333200Z
10:35:01.714 [http-nio-8080-exec-6] INFO  e.e.t.e.n.c.HomeRestController - Fetching main info: DONE
10:35:01.715 [http-nio-8080-exec-6] DEBUG o.s.w.s.m.m.a.RequestResponseBodyMethodProcessor - Using 'application/json', given [*/*] and supported [application/json]
10:35:01.715 [http-nio-8080-exec-6] DEBUG o.s.w.s.m.m.a.RequestResponseBodyMethodProcessor - Writing [{appVersion=1.0.0, sdkVersions=[0.7.1, 0.7.0]}]
10:35:01.716 [http-nio-8080-exec-6] DEBUG o.s.web.servlet.DispatcherServlet - Completed 200 OK
10:35:01.716 [http-nio-8080-exec-5] DEBUG o.s.web.servlet.DispatcherServlet - Completed 200 OK
10:35:01.730 [http-nio-8080-exec-7] DEBUG o.s.web.servlet.DispatcherServlet - GET "/home/sdk/0.7.1/notice-types", parameters={}
10:35:01.731 [http-nio-8080-exec-7] DEBUG o.s.w.s.m.m.a.RequestMappingHandlerMapping - Mapped to eu.europa.ted.eforms.noticeeditordemo.controller.HomeRestController#selectNoticeTypesList(String)
10:35:01.736 [http-nio-8080-exec-7] INFO  e.e.t.e.n.c.HomeRestController - Fetching main info: DONE
10:35:01.737 [http-nio-8080-exec-7] DEBUG o.s.w.s.m.m.a.RequestResponseBodyMethodProcessor - Using 'application/json', given [*/*] and supported [application/json]
10:35:01.737 [http-nio-8080-exec-7] DEBUG o.s.w.s.m.m.a.RequestResponseBodyMethodProcessor - Writing [{sdkVersion=0.7.1, noticeTypes=[1, 2, 3, 4, 5, 6, 7, 8, 9, 10, 11, 12, 13, 14, 15, 16, 17, 18, 19, 2 (truncated)...]
10:35:01.738 [http-nio-8080-exec-7] DEBUG o.s.web.servlet.DispatcherServlet - Completed 200 OK
10:35:03.705 [http-nio-8080-exec-8] DEBUG o.s.web.servlet.DispatcherServlet - GET "/home/sdk/0.7.1/fields", parameters={}
10:35:03.707 [http-nio-8080-exec-8] DEBUG o.s.w.s.m.m.a.RequestMappingHandlerMapping - Mapped to eu.europa.ted.eforms.noticeeditordemo.controller.HomeRestController#serveNoticeTypeJson(HttpServletResponse, String)
10:35:03.720 [http-nio-8080-exec-8] DEBUG o.s.web.servlet.DispatcherServlet - Completed 200 OK
10:35:03.731 [http-nio-8080-exec-9] DEBUG o.s.web.servlet.DispatcherServlet - GET "/home/sdk/0.7.1/notice-types/1", parameters={}
10:35:03.731 [http-nio-8080-exec-9] DEBUG o.s.w.s.m.m.a.RequestMappingHandlerMapping - Mapped to eu.europa.ted.eforms.noticeeditordemo.controller.HomeRestController#serveNoticeTypeJson(HttpServletResponse, String, String)
10:35:03.732 [http-nio-8080-exec-9] DEBUG o.s.web.servlet.DispatcherServlet - Completed 200 OK
10:35:25.268 [http-nio-8080-exec-3] DEBUG o.s.web.servlet.DispatcherServlet - GET "/", parameters={}
10:35:25.269 [http-nio-8080-exec-3] DEBUG o.s.w.s.v.ContentNegotiatingViewResolver - Selected 'text/html' given [text/html, application/xhtml+xml, image/webp, application/xml;q=0.9, */*;q=0.8]
10:35:25.269 [http-nio-8080-exec-3] DEBUG o.s.w.s.view.InternalResourceView - View [InternalResourceView], model {}
10:35:25.269 [http-nio-8080-exec-3] DEBUG o.s.w.s.view.InternalResourceView - Forwarding to [index.html]
10:35:25.269 [http-nio-8080-exec-3] DEBUG o.s.web.servlet.DispatcherServlet - "FORWARD" dispatch for GET "/index.html", parameters={}
10:35:25.270 [http-nio-8080-exec-3] DEBUG o.s.w.s.h.SimpleUrlHandlerMapping - Mapped to ResourceHttpRequestHandler [classpath [META-INF/resources/], classpath [resources/], classpath [static/], classpath [public/], ServletContext [/]]
10:35:25.272 [http-nio-8080-exec-3] DEBUG o.s.web.servlet.DispatcherServlet - Exiting from "FORWARD" dispatch, status 200
10:35:25.273 [http-nio-8080-exec-3] DEBUG o.s.web.servlet.DispatcherServlet - Completed 200 OK
10:35:25.314 [http-nio-8080-exec-4] DEBUG o.s.web.servlet.DispatcherServlet - GET "/css/custom.css", parameters={}
10:35:25.315 [http-nio-8080-exec-4] DEBUG o.s.w.s.h.SimpleUrlHandlerMapping - Mapped to ResourceHttpRequestHandler [classpath [META-INF/resources/], classpath [resources/], classpath [static/], classpath [public/], ServletContext [/]]
10:35:25.315 [http-nio-8080-exec-2] DEBUG o.s.web.servlet.DispatcherServlet - GET "/js/custom/home.js", parameters={}
10:35:25.316 [http-nio-8080-exec-2] DEBUG o.s.w.s.h.SimpleUrlHandlerMapping - Mapped to ResourceHttpRequestHandler [classpath [META-INF/resources/], classpath [resources/], classpath [static/], classpath [public/], ServletContext [/]]
10:35:25.318 [http-nio-8080-exec-4] DEBUG o.s.web.servlet.DispatcherServlet - Completed 200 OK
10:35:25.319 [http-nio-8080-exec-2] DEBUG o.s.web.servlet.DispatcherServlet - Completed 200 OK
10:35:25.332 [http-nio-8080-exec-6] DEBUG o.s.web.servlet.DispatcherServlet - GET "/favicon.ico", parameters={}
10:35:25.333 [http-nio-8080-exec-6] DEBUG o.s.w.s.h.SimpleUrlHandlerMapping - Mapped to ResourceHttpRequestHandler [classpath [META-INF/resources/], classpath [resources/], classpath [static/], classpath [public/], ServletContext [/]]
10:35:25.337 [http-nio-8080-exec-6] DEBUG o.s.web.servlet.DispatcherServlet - Completed 200 OK
10:35:25.348 [http-nio-8080-exec-5] DEBUG o.s.web.servlet.DispatcherServlet - GET "/home/info", parameters={}
10:35:25.349 [http-nio-8080-exec-5] DEBUG o.s.w.s.m.m.a.RequestMappingHandlerMapping - Mapped to eu.europa.ted.eforms.noticeeditordemo.controller.HomeRestController#selectHomeInfo()
10:35:25.349 [http-nio-8080-exec-5] INFO  e.e.t.e.n.c.HomeRestController - Fetching main info: 2022-06-09T08:35:25.349046400Z
10:35:25.350 [http-nio-8080-exec-5] INFO  e.e.t.e.n.c.HomeRestController - Fetching main info: DONE
10:35:25.351 [http-nio-8080-exec-5] DEBUG o.s.w.s.m.m.a.RequestResponseBodyMethodProcessor - Using 'application/json', given [*/*] and supported [application/json]
10:35:25.351 [http-nio-8080-exec-5] DEBUG o.s.w.s.m.m.a.RequestResponseBodyMethodProcessor - Writing [{appVersion=1.0.0, sdkVersions=[0.7.1, 0.7.0]}]
10:35:25.352 [http-nio-8080-exec-5] DEBUG o.s.web.servlet.DispatcherServlet - Completed 200 OK
10:35:25.371 [http-nio-8080-exec-7] DEBUG o.s.web.servlet.DispatcherServlet - GET "/home/sdk/0.7.1/notice-types", parameters={}
10:35:25.372 [http-nio-8080-exec-7] DEBUG o.s.w.s.m.m.a.RequestMappingHandlerMapping - Mapped to eu.europa.ted.eforms.noticeeditordemo.controller.HomeRestController#selectNoticeTypesList(String)
10:35:25.380 [http-nio-8080-exec-7] INFO  e.e.t.e.n.c.HomeRestController - Fetching main info: DONE
10:35:25.381 [http-nio-8080-exec-7] DEBUG o.s.w.s.m.m.a.RequestResponseBodyMethodProcessor - Using 'application/json', given [*/*] and supported [application/json]
10:35:25.381 [http-nio-8080-exec-7] DEBUG o.s.w.s.m.m.a.RequestResponseBodyMethodProcessor - Writing [{sdkVersion=0.7.1, noticeTypes=[1, 2, 3, 4, 5, 6, 7, 8, 9, 10, 11, 12, 13, 14, 15, 16, 17, 18, 19, 2 (truncated)...]
10:35:25.382 [http-nio-8080-exec-7] DEBUG o.s.web.servlet.DispatcherServlet - Completed 200 OK
10:35:26.669 [http-nio-8080-exec-8] DEBUG o.s.web.servlet.DispatcherServlet - GET "/home/sdk/0.7.1/fields", parameters={}
10:35:26.671 [http-nio-8080-exec-8] DEBUG o.s.w.s.m.m.a.RequestMappingHandlerMapping - Mapped to eu.europa.ted.eforms.noticeeditordemo.controller.HomeRestController#serveNoticeTypeJson(HttpServletResponse, String)
10:35:26.684 [http-nio-8080-exec-8] DEBUG o.s.web.servlet.DispatcherServlet - Completed 200 OK
10:35:26.705 [http-nio-8080-exec-9] DEBUG o.s.web.servlet.DispatcherServlet - GET "/home/sdk/0.7.1/notice-types/1", parameters={}
10:35:26.706 [http-nio-8080-exec-9] DEBUG o.s.w.s.m.m.a.RequestMappingHandlerMapping - Mapped to eu.europa.ted.eforms.noticeeditordemo.controller.HomeRestController#serveNoticeTypeJson(HttpServletResponse, String, String)
10:35:26.708 [http-nio-8080-exec-9] DEBUG o.s.web.servlet.DispatcherServlet - Completed 200 OK
10:39:21.226 [http-nio-8080-exec-4] DEBUG o.s.web.servlet.DispatcherServlet - GET "/", parameters={}
10:39:21.228 [http-nio-8080-exec-4] DEBUG o.s.w.s.v.ContentNegotiatingViewResolver - Selected 'text/html' given [text/html, application/xhtml+xml, image/webp, application/xml;q=0.9, */*;q=0.8]
10:39:21.228 [http-nio-8080-exec-4] DEBUG o.s.w.s.view.InternalResourceView - View [InternalResourceView], model {}
10:39:21.228 [http-nio-8080-exec-4] DEBUG o.s.w.s.view.InternalResourceView - Forwarding to [index.html]
10:39:21.228 [http-nio-8080-exec-4] DEBUG o.s.web.servlet.DispatcherServlet - "FORWARD" dispatch for GET "/index.html", parameters={}
10:39:21.229 [http-nio-8080-exec-4] DEBUG o.s.w.s.h.SimpleUrlHandlerMapping - Mapped to ResourceHttpRequestHandler [classpath [META-INF/resources/], classpath [resources/], classpath [static/], classpath [public/], ServletContext [/]]
10:39:21.231 [http-nio-8080-exec-4] DEBUG o.s.web.servlet.DispatcherServlet - Exiting from "FORWARD" dispatch, status 200
10:39:21.232 [http-nio-8080-exec-4] DEBUG o.s.web.servlet.DispatcherServlet - Completed 200 OK
10:39:21.247 [http-nio-8080-exec-2] DEBUG o.s.web.servlet.DispatcherServlet - GET "/css/custom.css", parameters={}
10:39:21.248 [http-nio-8080-exec-2] DEBUG o.s.w.s.h.SimpleUrlHandlerMapping - Mapped to ResourceHttpRequestHandler [classpath [META-INF/resources/], classpath [resources/], classpath [static/], classpath [public/], ServletContext [/]]
10:39:21.249 [http-nio-8080-exec-6] DEBUG o.s.web.servlet.DispatcherServlet - GET "/js/custom/editor.js", parameters={}
10:39:21.249 [http-nio-8080-exec-6] DEBUG o.s.w.s.h.SimpleUrlHandlerMapping - Mapped to ResourceHttpRequestHandler [classpath [META-INF/resources/], classpath [resources/], classpath [static/], classpath [public/], ServletContext [/]]
10:39:21.250 [http-nio-8080-exec-2] DEBUG o.s.web.servlet.DispatcherServlet - Completed 200 OK
10:39:21.252 [http-nio-8080-exec-6] DEBUG o.s.web.servlet.DispatcherServlet - Completed 200 OK
10:39:21.255 [http-nio-8080-exec-5] DEBUG o.s.web.servlet.DispatcherServlet - GET "/favicon.ico", parameters={}
10:39:21.256 [http-nio-8080-exec-5] DEBUG o.s.w.s.h.SimpleUrlHandlerMapping - Mapped to ResourceHttpRequestHandler [classpath [META-INF/resources/], classpath [resources/], classpath [static/], classpath [public/], ServletContext [/]]
10:39:21.259 [http-nio-8080-exec-7] DEBUG o.s.web.servlet.DispatcherServlet - GET "/home/info", parameters={}
10:39:21.259 [http-nio-8080-exec-5] DEBUG o.s.web.servlet.DispatcherServlet - Completed 200 OK
10:39:21.260 [http-nio-8080-exec-7] DEBUG o.s.w.s.m.m.a.RequestMappingHandlerMapping - Mapped to eu.europa.ted.eforms.noticeeditordemo.controller.HomeRestController#selectHomeInfo()
10:39:21.261 [http-nio-8080-exec-7] INFO  e.e.t.e.n.c.HomeRestController - Fetching main info: 2022-06-09T08:39:21.261781200Z
10:39:21.261 [http-nio-8080-exec-7] INFO  e.e.t.e.n.c.HomeRestController - Fetching main info: DONE
10:39:21.262 [http-nio-8080-exec-7] DEBUG o.s.w.s.m.m.a.RequestResponseBodyMethodProcessor - Using 'application/json', given [*/*] and supported [application/json]
10:39:21.262 [http-nio-8080-exec-7] DEBUG o.s.w.s.m.m.a.RequestResponseBodyMethodProcessor - Writing [{appVersion=1.0.0, sdkVersions=[0.7.1, 0.7.0]}]
10:39:21.263 [http-nio-8080-exec-7] DEBUG o.s.web.servlet.DispatcherServlet - Completed 200 OK
10:39:21.270 [http-nio-8080-exec-8] DEBUG o.s.web.servlet.DispatcherServlet - GET "/home/sdk/0.7.1/notice-types", parameters={}
10:39:21.271 [http-nio-8080-exec-8] DEBUG o.s.w.s.m.m.a.RequestMappingHandlerMapping - Mapped to eu.europa.ted.eforms.noticeeditordemo.controller.HomeRestController#selectNoticeTypesList(String)
10:39:21.279 [http-nio-8080-exec-8] INFO  e.e.t.e.n.c.HomeRestController - Fetching main info: DONE
10:39:21.280 [http-nio-8080-exec-8] DEBUG o.s.w.s.m.m.a.RequestResponseBodyMethodProcessor - Using 'application/json', given [*/*] and supported [application/json]
10:39:21.280 [http-nio-8080-exec-8] DEBUG o.s.w.s.m.m.a.RequestResponseBodyMethodProcessor - Writing [{sdkVersion=0.7.1, noticeTypes=[1, 2, 3, 4, 5, 6, 7, 8, 9, 10, 11, 12, 13, 14, 15, 16, 17, 18, 19, 2 (truncated)...]
10:39:21.281 [http-nio-8080-exec-8] DEBUG o.s.web.servlet.DispatcherServlet - Completed 200 OK
10:39:22.805 [http-nio-8080-exec-9] DEBUG o.s.web.servlet.DispatcherServlet - GET "/home/sdk/0.7.1/fields", parameters={}
10:39:22.807 [http-nio-8080-exec-9] DEBUG o.s.w.s.m.m.a.RequestMappingHandlerMapping - Mapped to eu.europa.ted.eforms.noticeeditordemo.controller.HomeRestController#serveNoticeTypeJson(HttpServletResponse, String)
10:39:22.814 [http-nio-8080-exec-9] DEBUG o.s.web.servlet.DispatcherServlet - Completed 200 OK
10:39:22.828 [http-nio-8080-exec-10] DEBUG o.s.web.servlet.DispatcherServlet - GET "/home/sdk/0.7.1/notice-types/1", parameters={}
10:39:22.828 [http-nio-8080-exec-10] DEBUG o.s.w.s.m.m.a.RequestMappingHandlerMapping - Mapped to eu.europa.ted.eforms.noticeeditordemo.controller.HomeRestController#serveNoticeTypeJson(HttpServletResponse, String, String)
10:39:22.830 [http-nio-8080-exec-10] DEBUG o.s.web.servlet.DispatcherServlet - Completed 200 OK
10:39:29.694 [http-nio-8080-exec-4] DEBUG o.s.web.servlet.DispatcherServlet - GET "/", parameters={}
10:39:29.696 [http-nio-8080-exec-4] DEBUG o.s.w.s.v.ContentNegotiatingViewResolver - Selected 'text/html' given [text/html, application/xhtml+xml, image/webp, application/xml;q=0.9, */*;q=0.8]
10:39:29.696 [http-nio-8080-exec-4] DEBUG o.s.w.s.view.InternalResourceView - View [InternalResourceView], model {}
10:39:29.696 [http-nio-8080-exec-4] DEBUG o.s.w.s.view.InternalResourceView - Forwarding to [index.html]
10:39:29.697 [http-nio-8080-exec-4] DEBUG o.s.web.servlet.DispatcherServlet - "FORWARD" dispatch for GET "/index.html", parameters={}
10:39:29.698 [http-nio-8080-exec-4] DEBUG o.s.w.s.h.SimpleUrlHandlerMapping - Mapped to ResourceHttpRequestHandler [classpath [META-INF/resources/], classpath [resources/], classpath [static/], classpath [public/], ServletContext [/]]
10:39:29.701 [http-nio-8080-exec-4] DEBUG o.s.web.servlet.DispatcherServlet - Exiting from "FORWARD" dispatch, status 200
10:39:29.701 [http-nio-8080-exec-4] DEBUG o.s.web.servlet.DispatcherServlet - Completed 200 OK
10:39:29.717 [http-nio-8080-exec-2] DEBUG o.s.web.servlet.DispatcherServlet - GET "/css/custom.css", parameters={}
10:39:29.717 [http-nio-8080-exec-2] DEBUG o.s.w.s.h.SimpleUrlHandlerMapping - Mapped to ResourceHttpRequestHandler [classpath [META-INF/resources/], classpath [resources/], classpath [static/], classpath [public/], ServletContext [/]]
10:39:29.718 [http-nio-8080-exec-6] DEBUG o.s.web.servlet.DispatcherServlet - GET "/js/custom/editor.js", parameters={}
10:39:29.718 [http-nio-8080-exec-6] DEBUG o.s.w.s.h.SimpleUrlHandlerMapping - Mapped to ResourceHttpRequestHandler [classpath [META-INF/resources/], classpath [resources/], classpath [static/], classpath [public/], ServletContext [/]]
10:39:29.720 [http-nio-8080-exec-2] DEBUG o.s.web.servlet.DispatcherServlet - Completed 200 OK
10:39:29.721 [http-nio-8080-exec-6] DEBUG o.s.web.servlet.DispatcherServlet - Completed 200 OK
10:39:29.726 [http-nio-8080-exec-5] DEBUG o.s.web.servlet.DispatcherServlet - GET "/favicon.ico", parameters={}
10:39:29.726 [http-nio-8080-exec-5] DEBUG o.s.w.s.h.SimpleUrlHandlerMapping - Mapped to ResourceHttpRequestHandler [classpath [META-INF/resources/], classpath [resources/], classpath [static/], classpath [public/], ServletContext [/]]
10:39:29.727 [http-nio-8080-exec-7] DEBUG o.s.web.servlet.DispatcherServlet - GET "/home/info", parameters={}
10:39:29.728 [http-nio-8080-exec-7] DEBUG o.s.w.s.m.m.a.RequestMappingHandlerMapping - Mapped to eu.europa.ted.eforms.noticeeditordemo.controller.HomeRestController#selectHomeInfo()
10:39:29.728 [http-nio-8080-exec-7] INFO  e.e.t.e.n.c.HomeRestController - Fetching main info: 2022-06-09T08:39:29.728089100Z
10:39:29.729 [http-nio-8080-exec-7] INFO  e.e.t.e.n.c.HomeRestController - Fetching main info: DONE
10:39:29.730 [http-nio-8080-exec-5] DEBUG o.s.web.servlet.DispatcherServlet - Completed 200 OK
10:39:29.730 [http-nio-8080-exec-7] DEBUG o.s.w.s.m.m.a.RequestResponseBodyMethodProcessor - Using 'application/json', given [*/*] and supported [application/json]
10:39:29.730 [http-nio-8080-exec-7] DEBUG o.s.w.s.m.m.a.RequestResponseBodyMethodProcessor - Writing [{appVersion=1.0.0, sdkVersions=[0.7.1, 0.7.0]}]
10:39:29.731 [http-nio-8080-exec-7] DEBUG o.s.web.servlet.DispatcherServlet - Completed 200 OK
10:39:29.738 [http-nio-8080-exec-8] DEBUG o.s.web.servlet.DispatcherServlet - GET "/home/sdk/0.7.1/notice-types", parameters={}
10:39:29.740 [http-nio-8080-exec-8] DEBUG o.s.w.s.m.m.a.RequestMappingHandlerMapping - Mapped to eu.europa.ted.eforms.noticeeditordemo.controller.HomeRestController#selectNoticeTypesList(String)
10:39:29.748 [http-nio-8080-exec-8] INFO  e.e.t.e.n.c.HomeRestController - Fetching main info: DONE
10:39:29.748 [http-nio-8080-exec-8] DEBUG o.s.w.s.m.m.a.RequestResponseBodyMethodProcessor - Using 'application/json', given [*/*] and supported [application/json]
10:39:29.748 [http-nio-8080-exec-8] DEBUG o.s.w.s.m.m.a.RequestResponseBodyMethodProcessor - Writing [{sdkVersion=0.7.1, noticeTypes=[1, 2, 3, 4, 5, 6, 7, 8, 9, 10, 11, 12, 13, 14, 15, 16, 17, 18, 19, 2 (truncated)...]
10:39:29.749 [http-nio-8080-exec-8] DEBUG o.s.web.servlet.DispatcherServlet - Completed 200 OK
10:39:33.948 [http-nio-8080-exec-9] DEBUG o.s.web.servlet.DispatcherServlet - GET "/home/sdk/0.7.1/fields", parameters={}
10:39:33.949 [http-nio-8080-exec-9] DEBUG o.s.w.s.m.m.a.RequestMappingHandlerMapping - Mapped to eu.europa.ted.eforms.noticeeditordemo.controller.HomeRestController#serveNoticeTypeJson(HttpServletResponse, String)
10:39:33.963 [http-nio-8080-exec-9] DEBUG o.s.web.servlet.DispatcherServlet - Completed 200 OK
10:39:33.980 [http-nio-8080-exec-10] DEBUG o.s.web.servlet.DispatcherServlet - GET "/home/sdk/0.7.1/notice-types/1", parameters={}
10:39:33.980 [http-nio-8080-exec-10] DEBUG o.s.w.s.m.m.a.RequestMappingHandlerMapping - Mapped to eu.europa.ted.eforms.noticeeditordemo.controller.HomeRestController#serveNoticeTypeJson(HttpServletResponse, String, String)
10:39:33.981 [http-nio-8080-exec-10] DEBUG o.s.web.servlet.DispatcherServlet - Completed 200 OK
10:39:37.617 [http-nio-8080-exec-4] DEBUG o.s.web.servlet.DispatcherServlet - GET "/", parameters={}
10:39:37.619 [http-nio-8080-exec-4] DEBUG o.s.w.s.v.ContentNegotiatingViewResolver - Selected 'text/html' given [text/html, application/xhtml+xml, image/webp, application/xml;q=0.9, */*;q=0.8]
10:39:37.619 [http-nio-8080-exec-4] DEBUG o.s.w.s.view.InternalResourceView - View [InternalResourceView], model {}
10:39:37.619 [http-nio-8080-exec-4] DEBUG o.s.w.s.view.InternalResourceView - Forwarding to [index.html]
10:39:37.620 [http-nio-8080-exec-4] DEBUG o.s.web.servlet.DispatcherServlet - "FORWARD" dispatch for GET "/index.html", parameters={}
10:39:37.620 [http-nio-8080-exec-4] DEBUG o.s.w.s.h.SimpleUrlHandlerMapping - Mapped to ResourceHttpRequestHandler [classpath [META-INF/resources/], classpath [resources/], classpath [static/], classpath [public/], ServletContext [/]]
10:39:37.624 [http-nio-8080-exec-4] DEBUG o.s.web.servlet.DispatcherServlet - Exiting from "FORWARD" dispatch, status 200
10:39:37.624 [http-nio-8080-exec-4] DEBUG o.s.web.servlet.DispatcherServlet - Completed 200 OK
10:39:37.636 [http-nio-8080-exec-2] DEBUG o.s.web.servlet.DispatcherServlet - GET "/css/custom.css", parameters={}
10:39:37.637 [http-nio-8080-exec-2] DEBUG o.s.w.s.h.SimpleUrlHandlerMapping - Mapped to ResourceHttpRequestHandler [classpath [META-INF/resources/], classpath [resources/], classpath [static/], classpath [public/], ServletContext [/]]
10:39:37.639 [http-nio-8080-exec-6] DEBUG o.s.web.servlet.DispatcherServlet - GET "/js/custom/editor.js", parameters={}
10:39:37.639 [http-nio-8080-exec-6] DEBUG o.s.w.s.h.SimpleUrlHandlerMapping - Mapped to ResourceHttpRequestHandler [classpath [META-INF/resources/], classpath [resources/], classpath [static/], classpath [public/], ServletContext [/]]
10:39:37.640 [http-nio-8080-exec-2] DEBUG o.s.web.servlet.DispatcherServlet - Completed 200 OK
10:39:37.643 [http-nio-8080-exec-6] DEBUG o.s.web.servlet.DispatcherServlet - Completed 200 OK
10:39:37.644 [http-nio-8080-exec-5] DEBUG o.s.web.servlet.DispatcherServlet - GET "/favicon.ico", parameters={}
10:39:37.644 [http-nio-8080-exec-5] DEBUG o.s.w.s.h.SimpleUrlHandlerMapping - Mapped to ResourceHttpRequestHandler [classpath [META-INF/resources/], classpath [resources/], classpath [static/], classpath [public/], ServletContext [/]]
10:39:37.647 [http-nio-8080-exec-5] DEBUG o.s.web.servlet.DispatcherServlet - Completed 200 OK
10:39:37.648 [http-nio-8080-exec-5] DEBUG o.s.web.servlet.DispatcherServlet - GET "/home/info", parameters={}
10:39:37.649 [http-nio-8080-exec-5] DEBUG o.s.w.s.m.m.a.RequestMappingHandlerMapping - Mapped to eu.europa.ted.eforms.noticeeditordemo.controller.HomeRestController#selectHomeInfo()
10:39:37.649 [http-nio-8080-exec-5] INFO  e.e.t.e.n.c.HomeRestController - Fetching main info: 2022-06-09T08:39:37.649995100Z
10:39:37.650 [http-nio-8080-exec-5] INFO  e.e.t.e.n.c.HomeRestController - Fetching main info: DONE
10:39:37.650 [http-nio-8080-exec-5] DEBUG o.s.w.s.m.m.a.RequestResponseBodyMethodProcessor - Using 'application/json', given [*/*] and supported [application/json]
10:39:37.650 [http-nio-8080-exec-5] DEBUG o.s.w.s.m.m.a.RequestResponseBodyMethodProcessor - Writing [{appVersion=1.0.0, sdkVersions=[0.7.1, 0.7.0]}]
10:39:37.651 [http-nio-8080-exec-5] DEBUG o.s.web.servlet.DispatcherServlet - Completed 200 OK
10:39:37.663 [http-nio-8080-exec-7] DEBUG o.s.web.servlet.DispatcherServlet - GET "/home/sdk/0.7.1/notice-types", parameters={}
10:39:37.663 [http-nio-8080-exec-7] DEBUG o.s.w.s.m.m.a.RequestMappingHandlerMapping - Mapped to eu.europa.ted.eforms.noticeeditordemo.controller.HomeRestController#selectNoticeTypesList(String)
10:39:37.668 [http-nio-8080-exec-7] INFO  e.e.t.e.n.c.HomeRestController - Fetching main info: DONE
10:39:37.668 [http-nio-8080-exec-7] DEBUG o.s.w.s.m.m.a.RequestResponseBodyMethodProcessor - Using 'application/json', given [*/*] and supported [application/json]
10:39:37.668 [http-nio-8080-exec-7] DEBUG o.s.w.s.m.m.a.RequestResponseBodyMethodProcessor - Writing [{sdkVersion=0.7.1, noticeTypes=[1, 2, 3, 4, 5, 6, 7, 8, 9, 10, 11, 12, 13, 14, 15, 16, 17, 18, 19, 2 (truncated)...]
10:39:37.670 [http-nio-8080-exec-7] DEBUG o.s.web.servlet.DispatcherServlet - Completed 200 OK
10:39:39.633 [http-nio-8080-exec-8] DEBUG o.s.web.servlet.DispatcherServlet - GET "/home/sdk/0.7.1/fields", parameters={}
10:39:39.634 [http-nio-8080-exec-8] DEBUG o.s.w.s.m.m.a.RequestMappingHandlerMapping - Mapped to eu.europa.ted.eforms.noticeeditordemo.controller.HomeRestController#serveNoticeTypeJson(HttpServletResponse, String)
10:39:39.646 [http-nio-8080-exec-8] DEBUG o.s.web.servlet.DispatcherServlet - Completed 200 OK
10:39:39.660 [http-nio-8080-exec-9] DEBUG o.s.web.servlet.DispatcherServlet - GET "/home/sdk/0.7.1/notice-types/1", parameters={}
10:39:39.661 [http-nio-8080-exec-9] DEBUG o.s.w.s.m.m.a.RequestMappingHandlerMapping - Mapped to eu.europa.ted.eforms.noticeeditordemo.controller.HomeRestController#serveNoticeTypeJson(HttpServletResponse, String, String)
10:39:39.662 [http-nio-8080-exec-9] DEBUG o.s.web.servlet.DispatcherServlet - Completed 200 OK
10:39:48.514 [http-nio-8080-exec-1] DEBUG o.s.web.servlet.DispatcherServlet - GET "/", parameters={}
10:39:48.516 [http-nio-8080-exec-1] DEBUG o.s.w.s.v.ContentNegotiatingViewResolver - Selected 'text/html' given [text/html, application/xhtml+xml, image/webp, application/xml;q=0.9, */*;q=0.8]
10:39:48.516 [http-nio-8080-exec-1] DEBUG o.s.w.s.view.InternalResourceView - View [InternalResourceView], model {}
10:39:48.516 [http-nio-8080-exec-1] DEBUG o.s.w.s.view.InternalResourceView - Forwarding to [index.html]
10:39:48.517 [http-nio-8080-exec-1] DEBUG o.s.web.servlet.DispatcherServlet - "FORWARD" dispatch for GET "/index.html", parameters={}
10:39:48.517 [http-nio-8080-exec-1] DEBUG o.s.w.s.h.SimpleUrlHandlerMapping - Mapped to ResourceHttpRequestHandler [classpath [META-INF/resources/], classpath [resources/], classpath [static/], classpath [public/], ServletContext [/]]
10:39:48.521 [http-nio-8080-exec-1] DEBUG o.s.web.servlet.DispatcherServlet - Exiting from "FORWARD" dispatch, status 200
10:39:48.521 [http-nio-8080-exec-1] DEBUG o.s.web.servlet.DispatcherServlet - Completed 200 OK
10:39:48.536 [http-nio-8080-exec-4] DEBUG o.s.web.servlet.DispatcherServlet - GET "/css/custom.css", parameters={}
10:39:48.536 [http-nio-8080-exec-4] DEBUG o.s.w.s.h.SimpleUrlHandlerMapping - Mapped to ResourceHttpRequestHandler [classpath [META-INF/resources/], classpath [resources/], classpath [static/], classpath [public/], ServletContext [/]]
10:39:48.537 [http-nio-8080-exec-2] DEBUG o.s.web.servlet.DispatcherServlet - GET "/js/custom/editor.js", parameters={}
10:39:48.537 [http-nio-8080-exec-2] DEBUG o.s.w.s.h.SimpleUrlHandlerMapping - Mapped to ResourceHttpRequestHandler [classpath [META-INF/resources/], classpath [resources/], classpath [static/], classpath [public/], ServletContext [/]]
10:39:48.540 [http-nio-8080-exec-4] DEBUG o.s.web.servlet.DispatcherServlet - Completed 200 OK
10:39:48.541 [http-nio-8080-exec-2] DEBUG o.s.web.servlet.DispatcherServlet - Completed 200 OK
10:39:48.543 [http-nio-8080-exec-6] DEBUG o.s.web.servlet.DispatcherServlet - GET "/favicon.ico", parameters={}
10:39:48.544 [http-nio-8080-exec-6] DEBUG o.s.w.s.h.SimpleUrlHandlerMapping - Mapped to ResourceHttpRequestHandler [classpath [META-INF/resources/], classpath [resources/], classpath [static/], classpath [public/], ServletContext [/]]
10:39:48.547 [http-nio-8080-exec-6] DEBUG o.s.web.servlet.DispatcherServlet - Completed 200 OK
10:39:48.549 [http-nio-8080-exec-5] DEBUG o.s.web.servlet.DispatcherServlet - GET "/home/info", parameters={}
10:39:48.549 [http-nio-8080-exec-5] DEBUG o.s.w.s.m.m.a.RequestMappingHandlerMapping - Mapped to eu.europa.ted.eforms.noticeeditordemo.controller.HomeRestController#selectHomeInfo()
10:39:48.550 [http-nio-8080-exec-5] INFO  e.e.t.e.n.c.HomeRestController - Fetching main info: 2022-06-09T08:39:48.549909600Z
10:39:48.550 [http-nio-8080-exec-5] INFO  e.e.t.e.n.c.HomeRestController - Fetching main info: DONE
10:39:48.550 [http-nio-8080-exec-5] DEBUG o.s.w.s.m.m.a.RequestResponseBodyMethodProcessor - Using 'application/json', given [*/*] and supported [application/json]
10:39:48.551 [http-nio-8080-exec-5] DEBUG o.s.w.s.m.m.a.RequestResponseBodyMethodProcessor - Writing [{appVersion=1.0.0, sdkVersions=[0.7.1, 0.7.0]}]
10:39:48.551 [http-nio-8080-exec-5] DEBUG o.s.web.servlet.DispatcherServlet - Completed 200 OK
10:39:48.563 [http-nio-8080-exec-7] DEBUG o.s.web.servlet.DispatcherServlet - GET "/home/sdk/0.7.1/notice-types", parameters={}
10:39:48.564 [http-nio-8080-exec-7] DEBUG o.s.w.s.m.m.a.RequestMappingHandlerMapping - Mapped to eu.europa.ted.eforms.noticeeditordemo.controller.HomeRestController#selectNoticeTypesList(String)
10:39:48.568 [http-nio-8080-exec-7] INFO  e.e.t.e.n.c.HomeRestController - Fetching main info: DONE
10:39:48.569 [http-nio-8080-exec-7] DEBUG o.s.w.s.m.m.a.RequestResponseBodyMethodProcessor - Using 'application/json', given [*/*] and supported [application/json]
10:39:48.569 [http-nio-8080-exec-7] DEBUG o.s.w.s.m.m.a.RequestResponseBodyMethodProcessor - Writing [{sdkVersion=0.7.1, noticeTypes=[1, 2, 3, 4, 5, 6, 7, 8, 9, 10, 11, 12, 13, 14, 15, 16, 17, 18, 19, 2 (truncated)...]
10:39:48.570 [http-nio-8080-exec-7] DEBUG o.s.web.servlet.DispatcherServlet - Completed 200 OK
10:40:01.276 [http-nio-8080-exec-3] DEBUG o.s.web.servlet.DispatcherServlet - GET "/", parameters={}
10:40:01.277 [http-nio-8080-exec-3] DEBUG o.s.w.s.v.ContentNegotiatingViewResolver - Selected 'text/html' given [text/html, application/xhtml+xml, image/webp, application/xml;q=0.9, */*;q=0.8]
10:40:01.277 [http-nio-8080-exec-3] DEBUG o.s.w.s.view.InternalResourceView - View [InternalResourceView], model {}
10:40:01.277 [http-nio-8080-exec-3] DEBUG o.s.w.s.view.InternalResourceView - Forwarding to [index.html]
10:40:01.278 [http-nio-8080-exec-3] DEBUG o.s.web.servlet.DispatcherServlet - "FORWARD" dispatch for GET "/index.html", parameters={}
10:40:01.278 [http-nio-8080-exec-3] DEBUG o.s.w.s.h.SimpleUrlHandlerMapping - Mapped to ResourceHttpRequestHandler [classpath [META-INF/resources/], classpath [resources/], classpath [static/], classpath [public/], ServletContext [/]]
10:40:01.281 [http-nio-8080-exec-3] DEBUG o.s.web.servlet.DispatcherServlet - Exiting from "FORWARD" dispatch, status 200
10:40:01.282 [http-nio-8080-exec-3] DEBUG o.s.web.servlet.DispatcherServlet - Completed 200 OK
10:40:01.295 [http-nio-8080-exec-10] DEBUG o.s.web.servlet.DispatcherServlet - GET "/css/custom.css", parameters={}
10:40:01.296 [http-nio-8080-exec-10] DEBUG o.s.w.s.h.SimpleUrlHandlerMapping - Mapped to ResourceHttpRequestHandler [classpath [META-INF/resources/], classpath [resources/], classpath [static/], classpath [public/], ServletContext [/]]
10:40:01.296 [http-nio-8080-exec-1] DEBUG o.s.web.servlet.DispatcherServlet - GET "/js/custom/editor.js", parameters={}
10:40:01.296 [http-nio-8080-exec-1] DEBUG o.s.w.s.h.SimpleUrlHandlerMapping - Mapped to ResourceHttpRequestHandler [classpath [META-INF/resources/], classpath [resources/], classpath [static/], classpath [public/], ServletContext [/]]
10:40:01.298 [http-nio-8080-exec-10] DEBUG o.s.web.servlet.DispatcherServlet - Completed 200 OK
10:40:01.299 [http-nio-8080-exec-1] DEBUG o.s.web.servlet.DispatcherServlet - Completed 200 OK
10:40:01.301 [http-nio-8080-exec-4] DEBUG o.s.web.servlet.DispatcherServlet - GET "/favicon.ico", parameters={}
10:40:01.301 [http-nio-8080-exec-4] DEBUG o.s.w.s.h.SimpleUrlHandlerMapping - Mapped to ResourceHttpRequestHandler [classpath [META-INF/resources/], classpath [resources/], classpath [static/], classpath [public/], ServletContext [/]]
10:40:01.304 [http-nio-8080-exec-4] DEBUG o.s.web.servlet.DispatcherServlet - Completed 200 OK
10:40:01.305 [http-nio-8080-exec-2] DEBUG o.s.web.servlet.DispatcherServlet - GET "/home/info", parameters={}
10:40:01.305 [http-nio-8080-exec-2] DEBUG o.s.w.s.m.m.a.RequestMappingHandlerMapping - Mapped to eu.europa.ted.eforms.noticeeditordemo.controller.HomeRestController#selectHomeInfo()
10:40:01.306 [http-nio-8080-exec-2] INFO  e.e.t.e.n.c.HomeRestController - Fetching main info: 2022-06-09T08:40:01.306611900Z
10:40:01.307 [http-nio-8080-exec-2] INFO  e.e.t.e.n.c.HomeRestController - Fetching main info: DONE
10:40:01.308 [http-nio-8080-exec-2] DEBUG o.s.w.s.m.m.a.RequestResponseBodyMethodProcessor - Using 'application/json', given [*/*] and supported [application/json]
10:40:01.308 [http-nio-8080-exec-2] DEBUG o.s.w.s.m.m.a.RequestResponseBodyMethodProcessor - Writing [{appVersion=1.0.0, sdkVersions=[0.7.1, 0.7.0]}]
10:40:01.309 [http-nio-8080-exec-2] DEBUG o.s.web.servlet.DispatcherServlet - Completed 200 OK
10:40:01.313 [http-nio-8080-exec-6] DEBUG o.s.web.servlet.DispatcherServlet - GET "/home/sdk/0.7.1/notice-types", parameters={}
10:40:01.314 [http-nio-8080-exec-6] DEBUG o.s.w.s.m.m.a.RequestMappingHandlerMapping - Mapped to eu.europa.ted.eforms.noticeeditordemo.controller.HomeRestController#selectNoticeTypesList(String)
10:40:01.318 [http-nio-8080-exec-6] INFO  e.e.t.e.n.c.HomeRestController - Fetching main info: DONE
10:40:01.318 [http-nio-8080-exec-6] DEBUG o.s.w.s.m.m.a.RequestResponseBodyMethodProcessor - Using 'application/json', given [*/*] and supported [application/json]
10:40:01.319 [http-nio-8080-exec-6] DEBUG o.s.w.s.m.m.a.RequestResponseBodyMethodProcessor - Writing [{sdkVersion=0.7.1, noticeTypes=[1, 2, 3, 4, 5, 6, 7, 8, 9, 10, 11, 12, 13, 14, 15, 16, 17, 18, 19, 2 (truncated)...]
10:40:01.319 [http-nio-8080-exec-6] DEBUG o.s.web.servlet.DispatcherServlet - Completed 200 OK
11:00:22.627 [eu.europa.ted.eforms.noticeeditordemo.EformsNoticeEditorDemoApplication.main()] INFO  e.e.t.e.n.EformsNoticeEditorDemoApplication - STARTING eForms Notice Editor Demo Application
11:00:23.242 [eu.europa.ted.eforms.noticeeditordemo.EformsNoticeEditorDemoApplication.main()] INFO  e.e.t.e.n.EformsNoticeEditorDemoApplication - Starting EformsNoticeEditorDemoApplication using Java 15.0.2 on 02DI20192628272 with PID 10416 (C:\Users\rouschr\dev\eclipse-workspace\tedefo\eforms-notice-editor\target\classes started by rouschr in C:\Users\rouschr\dev\eclipse-workspace\tedefo\eforms-notice-editor)
11:00:23.243 [eu.europa.ted.eforms.noticeeditordemo.EformsNoticeEditorDemoApplication.main()] DEBUG e.e.t.e.n.EformsNoticeEditorDemoApplication - Running with Spring Boot v2.7.0, Spring v5.3.20
11:00:23.243 [eu.europa.ted.eforms.noticeeditordemo.EformsNoticeEditorDemoApplication.main()] INFO  e.e.t.e.n.EformsNoticeEditorDemoApplication - No active profile set, falling back to 1 default profile: "default"
11:00:23.321 [eu.europa.ted.eforms.noticeeditordemo.EformsNoticeEditorDemoApplication.main()] INFO  o.s.b.d.e.DevToolsPropertyDefaultsPostProcessor - For additional web related logging consider setting the 'logging.level.web' property to 'DEBUG'
11:00:24.828 [eu.europa.ted.eforms.noticeeditordemo.EformsNoticeEditorDemoApplication.main()] INFO  o.s.b.w.e.tomcat.TomcatWebServer - Tomcat initialized with port(s): 8080 (http)
11:00:24.838 [eu.europa.ted.eforms.noticeeditordemo.EformsNoticeEditorDemoApplication.main()] INFO  o.a.coyote.http11.Http11NioProtocol - Initializing ProtocolHandler ["http-nio-8080"]
11:00:24.838 [eu.europa.ted.eforms.noticeeditordemo.EformsNoticeEditorDemoApplication.main()] INFO  o.a.catalina.core.StandardService - Starting service [Tomcat]
11:00:24.838 [eu.europa.ted.eforms.noticeeditordemo.EformsNoticeEditorDemoApplication.main()] INFO  o.a.catalina.core.StandardEngine - Starting Servlet engine: [Apache Tomcat/9.0.63]
11:00:24.952 [eu.europa.ted.eforms.noticeeditordemo.EformsNoticeEditorDemoApplication.main()] INFO  o.a.c.c.C.[Tomcat].[localhost].[/] - Initializing Spring embedded WebApplicationContext
11:00:24.952 [eu.europa.ted.eforms.noticeeditordemo.EformsNoticeEditorDemoApplication.main()] INFO  o.s.b.w.s.c.ServletWebServerApplicationContext - Root WebApplicationContext: initialization completed in 1630 ms
11:00:25.169 [eu.europa.ted.eforms.noticeeditordemo.EformsNoticeEditorDemoApplication.main()] DEBUG o.s.w.s.m.m.a.RequestMappingHandlerAdapter - ControllerAdvice beans: 0 @ModelAttribute, 0 @InitBinder, 1 RequestBodyAdvice, 1 ResponseBodyAdvice
11:00:25.221 [eu.europa.ted.eforms.noticeeditordemo.EformsNoticeEditorDemoApplication.main()] INFO  o.s.b.a.w.s.WelcomePageHandlerMapping - Adding welcome page: class path resource [static/index.html]
11:00:25.282 [eu.europa.ted.eforms.noticeeditordemo.EformsNoticeEditorDemoApplication.main()] DEBUG o.s.w.s.m.m.a.RequestMappingHandlerMapping - 7 mappings in 'requestMappingHandlerMapping'
11:00:25.303 [eu.europa.ted.eforms.noticeeditordemo.EformsNoticeEditorDemoApplication.main()] DEBUG o.s.w.s.h.SimpleUrlHandlerMapping - Patterns [/webjars/**, /**] in 'resourceHandlerMapping'
11:00:25.317 [eu.europa.ted.eforms.noticeeditordemo.EformsNoticeEditorDemoApplication.main()] DEBUG o.s.w.s.m.m.a.ExceptionHandlerExceptionResolver - ControllerAdvice beans: 0 @ExceptionHandler, 1 ResponseBodyAdvice
11:00:25.367 [eu.europa.ted.eforms.noticeeditordemo.EformsNoticeEditorDemoApplication.main()] WARN  o.s.b.a.t.ThymeleafAutoConfiguration$DefaultTemplateResolverConfiguration - Cannot find template location: classpath:/templates/ (please add some templates or check your Thymeleaf configuration)
11:00:25.417 [eu.europa.ted.eforms.noticeeditordemo.EformsNoticeEditorDemoApplication.main()] INFO  o.a.coyote.http11.Http11NioProtocol - Starting ProtocolHandler ["http-nio-8080"]
11:00:25.492 [eu.europa.ted.eforms.noticeeditordemo.EformsNoticeEditorDemoApplication.main()] INFO  o.s.b.w.e.tomcat.TomcatWebServer - Tomcat started on port(s): 8080 (http) with context path ''
11:00:25.505 [eu.europa.ted.eforms.noticeeditordemo.EformsNoticeEditorDemoApplication.main()] INFO  e.e.t.e.n.EformsNoticeEditorDemoApplication - Started EformsNoticeEditorDemoApplication in 2.743 seconds (JVM running for 9.239)
11:01:06.233 [http-nio-8080-exec-1] INFO  o.a.c.c.C.[Tomcat].[localhost].[/] - Initializing Spring DispatcherServlet 'dispatcherServlet'
11:01:06.234 [http-nio-8080-exec-1] INFO  o.s.web.servlet.DispatcherServlet - Initializing Servlet 'dispatcherServlet'
11:01:06.234 [http-nio-8080-exec-1] DEBUG o.s.web.servlet.DispatcherServlet - Detected StandardServletMultipartResolver
11:01:06.234 [http-nio-8080-exec-1] DEBUG o.s.web.servlet.DispatcherServlet - Detected AcceptHeaderLocaleResolver
11:01:06.234 [http-nio-8080-exec-1] DEBUG o.s.web.servlet.DispatcherServlet - Detected FixedThemeResolver
11:01:06.235 [http-nio-8080-exec-1] DEBUG o.s.web.servlet.DispatcherServlet - Detected org.springframework.web.servlet.view.DefaultRequestToViewNameTranslator@e24e9fe
11:01:06.235 [http-nio-8080-exec-1] DEBUG o.s.web.servlet.DispatcherServlet - Detected org.springframework.web.servlet.support.SessionFlashMapManager@7a3813a5
11:01:06.235 [http-nio-8080-exec-1] DEBUG o.s.web.servlet.DispatcherServlet - enableLoggingRequestDetails='false': request parameters and headers will be masked to prevent unsafe logging of potentially sensitive data
11:01:06.235 [http-nio-8080-exec-1] INFO  o.s.web.servlet.DispatcherServlet - Completed initialization in 1 ms
11:01:06.247 [http-nio-8080-exec-1] DEBUG o.s.web.servlet.DispatcherServlet - GET "/", parameters={}
11:01:06.261 [http-nio-8080-exec-1] DEBUG o.s.w.s.v.ContentNegotiatingViewResolver - Selected 'text/html' given [text/html, application/xhtml+xml, image/webp, application/xml;q=0.9, */*;q=0.8]
11:01:06.261 [http-nio-8080-exec-1] DEBUG o.s.w.s.view.InternalResourceView - View [InternalResourceView], model {}
11:01:06.262 [http-nio-8080-exec-1] DEBUG o.s.w.s.view.InternalResourceView - Forwarding to [index.html]
11:01:06.266 [http-nio-8080-exec-1] DEBUG o.s.web.servlet.DispatcherServlet - "FORWARD" dispatch for GET "/index.html", parameters={}
11:01:06.268 [http-nio-8080-exec-1] DEBUG o.s.w.s.h.SimpleUrlHandlerMapping - Mapped to ResourceHttpRequestHandler [classpath [META-INF/resources/], classpath [resources/], classpath [static/], classpath [public/], ServletContext [/]]
11:01:06.271 [http-nio-8080-exec-1] DEBUG o.s.web.servlet.DispatcherServlet - Exiting from "FORWARD" dispatch, status 304
11:01:06.272 [http-nio-8080-exec-1] DEBUG o.s.web.servlet.DispatcherServlet - Completed 304 NOT_MODIFIED
11:01:06.299 [http-nio-8080-exec-2] DEBUG o.s.web.servlet.DispatcherServlet - GET "/js/custom/editor.js", parameters={}
11:01:06.300 [http-nio-8080-exec-2] DEBUG o.s.w.s.h.SimpleUrlHandlerMapping - Mapped to ResourceHttpRequestHandler [classpath [META-INF/resources/], classpath [resources/], classpath [static/], classpath [public/], ServletContext [/]]
11:01:06.312 [http-nio-8080-exec-2] DEBUG o.s.web.servlet.DispatcherServlet - Completed 200 OK
11:01:06.319 [http-nio-8080-exec-3] DEBUG o.s.web.servlet.DispatcherServlet - GET "/sdk/info", parameters={}
11:01:06.324 [http-nio-8080-exec-3] DEBUG o.s.w.s.m.m.a.RequestMappingHandlerMapping - Mapped to eu.europa.ted.eforms.noticeeditordemo.controller.SdkRestController#selectHomeInfo()
11:01:06.334 [http-nio-8080-exec-3] INFO  e.e.t.e.n.c.SdkRestController - Fetching main info: 2022-06-09T09:01:06.333184600Z
11:01:06.340 [http-nio-8080-exec-3] INFO  e.e.t.e.n.c.SdkRestController - Fetching main info: DONE
11:01:06.345 [http-nio-8080-exec-3] DEBUG o.s.w.s.m.m.a.RequestResponseBodyMethodProcessor - Using 'application/json', given [*/*] and supported [application/json]
11:01:06.353 [http-nio-8080-exec-3] DEBUG o.s.w.s.m.m.a.RequestResponseBodyMethodProcessor - Writing [{appVersion=1.0.0, sdkVersions=[0.7.1, 0.7.0]}]
11:01:06.376 [http-nio-8080-exec-3] DEBUG o.s.web.servlet.DispatcherServlet - Completed 200 OK
11:01:06.380 [http-nio-8080-exec-4] DEBUG o.s.web.servlet.DispatcherServlet - GET "/sdk/0.7.1/notice-types", parameters={}
11:01:06.381 [http-nio-8080-exec-4] DEBUG o.s.w.s.m.m.a.RequestMappingHandlerMapping - Mapped to eu.europa.ted.eforms.noticeeditordemo.controller.SdkRestController#selectNoticeTypesList(String)
11:01:06.402 [http-nio-8080-exec-4] INFO  e.e.t.e.n.c.SdkRestController - Fetching main info: DONE
11:01:06.402 [http-nio-8080-exec-4] DEBUG o.s.w.s.m.m.a.RequestResponseBodyMethodProcessor - Using 'application/json', given [*/*] and supported [application/json]
11:01:06.403 [http-nio-8080-exec-4] DEBUG o.s.w.s.m.m.a.RequestResponseBodyMethodProcessor - Writing [{sdkVersion=0.7.1, noticeTypes=[1, 2, 3, 4, 5, 6, 7, 8, 9, 10, 11, 12, 13, 14, 15, 16, 17, 18, 19, 2 (truncated)...]
11:01:06.403 [http-nio-8080-exec-4] DEBUG o.s.web.servlet.DispatcherServlet - Completed 200 OK
11:01:08.616 [http-nio-8080-exec-5] DEBUG o.s.web.servlet.DispatcherServlet - GET "/sdk/0.7.1/fields", parameters={}
11:01:08.616 [http-nio-8080-exec-5] DEBUG o.s.w.s.m.m.a.RequestMappingHandlerMapping - Mapped to eu.europa.ted.eforms.noticeeditordemo.controller.SdkRestController#serveNoticeTypeJson(HttpServletResponse, String)
11:01:08.648 [http-nio-8080-exec-5] DEBUG o.s.web.servlet.DispatcherServlet - Completed 200 OK
11:01:08.660 [http-nio-8080-exec-6] DEBUG o.s.web.servlet.DispatcherServlet - GET "/sdk/0.7.1/notice-types/1", parameters={}
11:01:08.661 [http-nio-8080-exec-6] DEBUG o.s.w.s.m.m.a.RequestMappingHandlerMapping - Mapped to eu.europa.ted.eforms.noticeeditordemo.controller.SdkRestController#serveNoticeTypeJson(HttpServletResponse, String, String)
11:01:08.663 [http-nio-8080-exec-6] DEBUG o.s.web.servlet.DispatcherServlet - Completed 200 OK
11:01:16.389 [http-nio-8080-exec-7] DEBUG o.s.web.servlet.DispatcherServlet - GET "/", parameters={}
11:01:16.390 [http-nio-8080-exec-7] DEBUG o.s.w.s.v.ContentNegotiatingViewResolver - Selected 'text/html' given [text/html, application/xhtml+xml, image/webp, application/xml;q=0.9, */*;q=0.8]
11:01:16.390 [http-nio-8080-exec-7] DEBUG o.s.w.s.view.InternalResourceView - View [InternalResourceView], model {}
11:01:16.390 [http-nio-8080-exec-7] DEBUG o.s.w.s.view.InternalResourceView - Forwarding to [index.html]
11:01:16.390 [http-nio-8080-exec-7] DEBUG o.s.web.servlet.DispatcherServlet - "FORWARD" dispatch for GET "/index.html", parameters={}
11:01:16.391 [http-nio-8080-exec-7] DEBUG o.s.w.s.h.SimpleUrlHandlerMapping - Mapped to ResourceHttpRequestHandler [classpath [META-INF/resources/], classpath [resources/], classpath [static/], classpath [public/], ServletContext [/]]
11:01:16.392 [http-nio-8080-exec-7] DEBUG o.s.web.servlet.DispatcherServlet - Exiting from "FORWARD" dispatch, status 304
11:01:16.392 [http-nio-8080-exec-7] DEBUG o.s.web.servlet.DispatcherServlet - Completed 304 NOT_MODIFIED
11:01:16.403 [http-nio-8080-exec-8] DEBUG o.s.web.servlet.DispatcherServlet - GET "/js/custom/editor.js", parameters={}
11:01:16.404 [http-nio-8080-exec-8] DEBUG o.s.w.s.h.SimpleUrlHandlerMapping - Mapped to ResourceHttpRequestHandler [classpath [META-INF/resources/], classpath [resources/], classpath [static/], classpath [public/], ServletContext [/]]
11:01:16.406 [http-nio-8080-exec-8] DEBUG o.s.web.servlet.DispatcherServlet - Completed 304 NOT_MODIFIED
11:01:16.414 [http-nio-8080-exec-9] DEBUG o.s.web.servlet.DispatcherServlet - GET "/sdk/info", parameters={}
11:01:16.415 [http-nio-8080-exec-9] DEBUG o.s.w.s.m.m.a.RequestMappingHandlerMapping - Mapped to eu.europa.ted.eforms.noticeeditordemo.controller.SdkRestController#selectHomeInfo()
11:01:16.415 [http-nio-8080-exec-9] INFO  e.e.t.e.n.c.SdkRestController - Fetching main info: 2022-06-09T09:01:16.415771400Z
11:01:16.416 [http-nio-8080-exec-9] INFO  e.e.t.e.n.c.SdkRestController - Fetching main info: DONE
11:01:16.417 [http-nio-8080-exec-9] DEBUG o.s.w.s.m.m.a.RequestResponseBodyMethodProcessor - Using 'application/json', given [*/*] and supported [application/json]
11:01:16.417 [http-nio-8080-exec-9] DEBUG o.s.w.s.m.m.a.RequestResponseBodyMethodProcessor - Writing [{appVersion=1.0.0, sdkVersions=[0.7.1, 0.7.0]}]
11:01:16.418 [http-nio-8080-exec-9] DEBUG o.s.web.servlet.DispatcherServlet - Completed 200 OK
11:01:16.427 [http-nio-8080-exec-10] DEBUG o.s.web.servlet.DispatcherServlet - GET "/sdk/0.7.1/notice-types", parameters={}
11:01:16.427 [http-nio-8080-exec-10] DEBUG o.s.w.s.m.m.a.RequestMappingHandlerMapping - Mapped to eu.europa.ted.eforms.noticeeditordemo.controller.SdkRestController#selectNoticeTypesList(String)
11:01:16.431 [http-nio-8080-exec-10] INFO  e.e.t.e.n.c.SdkRestController - Fetching main info: DONE
11:01:16.431 [http-nio-8080-exec-10] DEBUG o.s.w.s.m.m.a.RequestResponseBodyMethodProcessor - Using 'application/json', given [*/*] and supported [application/json]
11:01:16.432 [http-nio-8080-exec-10] DEBUG o.s.w.s.m.m.a.RequestResponseBodyMethodProcessor - Writing [{sdkVersion=0.7.1, noticeTypes=[1, 2, 3, 4, 5, 6, 7, 8, 9, 10, 11, 12, 13, 14, 15, 16, 17, 18, 19, 2 (truncated)...]
11:01:16.432 [http-nio-8080-exec-10] DEBUG o.s.web.servlet.DispatcherServlet - Completed 200 OK
11:01:18.767 [http-nio-8080-exec-2] DEBUG o.s.web.servlet.DispatcherServlet - GET "/", parameters={}
11:01:18.768 [http-nio-8080-exec-2] DEBUG o.s.w.s.v.ContentNegotiatingViewResolver - Selected 'text/html' given [text/html, application/xhtml+xml, image/webp, application/xml;q=0.9, */*;q=0.8]
11:01:18.769 [http-nio-8080-exec-2] DEBUG o.s.w.s.view.InternalResourceView - View [InternalResourceView], model {}
11:01:18.769 [http-nio-8080-exec-2] DEBUG o.s.w.s.view.InternalResourceView - Forwarding to [index.html]
11:01:18.769 [http-nio-8080-exec-2] DEBUG o.s.web.servlet.DispatcherServlet - "FORWARD" dispatch for GET "/index.html", parameters={}
11:01:18.771 [http-nio-8080-exec-2] DEBUG o.s.w.s.h.SimpleUrlHandlerMapping - Mapped to ResourceHttpRequestHandler [classpath [META-INF/resources/], classpath [resources/], classpath [static/], classpath [public/], ServletContext [/]]
11:01:18.777 [http-nio-8080-exec-2] DEBUG o.s.web.servlet.DispatcherServlet - Exiting from "FORWARD" dispatch, status 200
11:01:18.778 [http-nio-8080-exec-2] DEBUG o.s.web.servlet.DispatcherServlet - Completed 200 OK
11:01:18.802 [http-nio-8080-exec-3] DEBUG o.s.web.servlet.DispatcherServlet - GET "/css/custom.css", parameters={}
11:01:18.803 [http-nio-8080-exec-3] DEBUG o.s.w.s.h.SimpleUrlHandlerMapping - Mapped to ResourceHttpRequestHandler [classpath [META-INF/resources/], classpath [resources/], classpath [static/], classpath [public/], ServletContext [/]]
11:01:18.804 [http-nio-8080-exec-4] DEBUG o.s.web.servlet.DispatcherServlet - GET "/js/custom/editor.js", parameters={}
11:01:18.805 [http-nio-8080-exec-4] DEBUG o.s.w.s.h.SimpleUrlHandlerMapping - Mapped to ResourceHttpRequestHandler [classpath [META-INF/resources/], classpath [resources/], classpath [static/], classpath [public/], ServletContext [/]]
11:01:18.809 [http-nio-8080-exec-3] DEBUG o.s.web.servlet.DispatcherServlet - Completed 200 OK
11:01:18.811 [http-nio-8080-exec-4] DEBUG o.s.web.servlet.DispatcherServlet - Completed 200 OK
11:01:18.838 [http-nio-8080-exec-5] DEBUG o.s.web.servlet.DispatcherServlet - GET "/favicon.ico", parameters={}
11:01:18.839 [http-nio-8080-exec-5] DEBUG o.s.w.s.h.SimpleUrlHandlerMapping - Mapped to ResourceHttpRequestHandler [classpath [META-INF/resources/], classpath [resources/], classpath [static/], classpath [public/], ServletContext [/]]
11:01:18.856 [http-nio-8080-exec-6] DEBUG o.s.web.servlet.DispatcherServlet - GET "/sdk/info", parameters={}
11:01:18.859 [http-nio-8080-exec-6] DEBUG o.s.w.s.m.m.a.RequestMappingHandlerMapping - Mapped to eu.europa.ted.eforms.noticeeditordemo.controller.SdkRestController#selectHomeInfo()
11:01:18.860 [http-nio-8080-exec-6] INFO  e.e.t.e.n.c.SdkRestController - Fetching main info: 2022-06-09T09:01:18.860031600Z
11:01:18.861 [http-nio-8080-exec-6] INFO  e.e.t.e.n.c.SdkRestController - Fetching main info: DONE
11:01:18.862 [http-nio-8080-exec-6] DEBUG o.s.w.s.m.m.a.RequestResponseBodyMethodProcessor - Using 'application/json', given [*/*] and supported [application/json]
11:01:18.862 [http-nio-8080-exec-6] DEBUG o.s.w.s.m.m.a.RequestResponseBodyMethodProcessor - Writing [{appVersion=1.0.0, sdkVersions=[0.7.1, 0.7.0]}]
11:01:18.864 [http-nio-8080-exec-6] DEBUG o.s.web.servlet.DispatcherServlet - Completed 200 OK
11:01:18.871 [http-nio-8080-exec-5] DEBUG o.s.web.servlet.DispatcherServlet - Completed 200 OK
11:01:18.895 [http-nio-8080-exec-7] DEBUG o.s.web.servlet.DispatcherServlet - GET "/sdk/0.7.1/notice-types", parameters={}
11:01:18.895 [http-nio-8080-exec-7] DEBUG o.s.w.s.m.m.a.RequestMappingHandlerMapping - Mapped to eu.europa.ted.eforms.noticeeditordemo.controller.SdkRestController#selectNoticeTypesList(String)
11:01:18.900 [http-nio-8080-exec-7] INFO  e.e.t.e.n.c.SdkRestController - Fetching main info: DONE
11:01:18.901 [http-nio-8080-exec-7] DEBUG o.s.w.s.m.m.a.RequestResponseBodyMethodProcessor - Using 'application/json', given [*/*] and supported [application/json]
11:01:18.901 [http-nio-8080-exec-7] DEBUG o.s.w.s.m.m.a.RequestResponseBodyMethodProcessor - Writing [{sdkVersion=0.7.1, noticeTypes=[1, 2, 3, 4, 5, 6, 7, 8, 9, 10, 11, 12, 13, 14, 15, 16, 17, 18, 19, 2 (truncated)...]
11:01:18.902 [http-nio-8080-exec-7] DEBUG o.s.web.servlet.DispatcherServlet - Completed 200 OK
11:01:30.205 [http-nio-8080-exec-8] DEBUG o.s.web.servlet.DispatcherServlet - GET "/sdk/0.7.1/fields", parameters={}
11:01:30.207 [http-nio-8080-exec-8] DEBUG o.s.w.s.m.m.a.RequestMappingHandlerMapping - Mapped to eu.europa.ted.eforms.noticeeditordemo.controller.SdkRestController#serveNoticeTypeJson(HttpServletResponse, String)
11:01:30.225 [http-nio-8080-exec-8] DEBUG o.s.web.servlet.DispatcherServlet - Completed 200 OK
11:01:30.235 [http-nio-8080-exec-9] DEBUG o.s.web.servlet.DispatcherServlet - GET "/sdk/0.7.1/notice-types/1", parameters={}
11:01:30.236 [http-nio-8080-exec-9] DEBUG o.s.w.s.m.m.a.RequestMappingHandlerMapping - Mapped to eu.europa.ted.eforms.noticeeditordemo.controller.SdkRestController#serveNoticeTypeJson(HttpServletResponse, String, String)
11:01:30.237 [http-nio-8080-exec-9] DEBUG o.s.web.servlet.DispatcherServlet - Completed 200 OK
11:54:23.505 [eu.europa.ted.eforms.noticeeditordemo.EformsNoticeEditorDemoApplication.main()] INFO  e.e.t.e.n.EformsNoticeEditorDemoApplication - STARTING eForms Notice Editor Demo Application
11:54:24.161 [eu.europa.ted.eforms.noticeeditordemo.EformsNoticeEditorDemoApplication.main()] INFO  e.e.t.e.n.EformsNoticeEditorDemoApplication - Starting EformsNoticeEditorDemoApplication using Java 15.0.2 on 02DI20192628272 with PID 3740 (C:\Users\rouschr\dev\eclipse-workspace\tedefo\eforms-notice-editor\target\classes started by rouschr in C:\Users\rouschr\dev\eclipse-workspace\tedefo\eforms-notice-editor)
11:54:24.162 [eu.europa.ted.eforms.noticeeditordemo.EformsNoticeEditorDemoApplication.main()] DEBUG e.e.t.e.n.EformsNoticeEditorDemoApplication - Running with Spring Boot v2.7.0, Spring v5.3.20
11:54:24.163 [eu.europa.ted.eforms.noticeeditordemo.EformsNoticeEditorDemoApplication.main()] INFO  e.e.t.e.n.EformsNoticeEditorDemoApplication - No active profile set, falling back to 1 default profile: "default"
11:54:24.224 [eu.europa.ted.eforms.noticeeditordemo.EformsNoticeEditorDemoApplication.main()] INFO  o.s.b.d.e.DevToolsPropertyDefaultsPostProcessor - For additional web related logging consider setting the 'logging.level.web' property to 'DEBUG'
11:54:25.351 [eu.europa.ted.eforms.noticeeditordemo.EformsNoticeEditorDemoApplication.main()] INFO  o.s.b.w.e.tomcat.TomcatWebServer - Tomcat initialized with port(s): 8080 (http)
11:54:25.361 [eu.europa.ted.eforms.noticeeditordemo.EformsNoticeEditorDemoApplication.main()] INFO  o.a.coyote.http11.Http11NioProtocol - Initializing ProtocolHandler ["http-nio-8080"]
11:54:25.362 [eu.europa.ted.eforms.noticeeditordemo.EformsNoticeEditorDemoApplication.main()] INFO  o.a.catalina.core.StandardService - Starting service [Tomcat]
11:54:25.362 [eu.europa.ted.eforms.noticeeditordemo.EformsNoticeEditorDemoApplication.main()] INFO  o.a.catalina.core.StandardEngine - Starting Servlet engine: [Apache Tomcat/9.0.63]
11:54:25.515 [eu.europa.ted.eforms.noticeeditordemo.EformsNoticeEditorDemoApplication.main()] INFO  o.a.c.c.C.[Tomcat].[localhost].[/] - Initializing Spring embedded WebApplicationContext
11:54:25.515 [eu.europa.ted.eforms.noticeeditordemo.EformsNoticeEditorDemoApplication.main()] INFO  o.s.b.w.s.c.ServletWebServerApplicationContext - Root WebApplicationContext: initialization completed in 1290 ms
11:54:25.763 [eu.europa.ted.eforms.noticeeditordemo.EformsNoticeEditorDemoApplication.main()] DEBUG o.s.w.s.m.m.a.RequestMappingHandlerAdapter - ControllerAdvice beans: 0 @ModelAttribute, 0 @InitBinder, 1 RequestBodyAdvice, 1 ResponseBodyAdvice
11:54:25.837 [eu.europa.ted.eforms.noticeeditordemo.EformsNoticeEditorDemoApplication.main()] INFO  o.s.b.a.w.s.WelcomePageHandlerMapping - Adding welcome page: class path resource [static/index.html]
11:54:25.900 [eu.europa.ted.eforms.noticeeditordemo.EformsNoticeEditorDemoApplication.main()] DEBUG o.s.w.s.m.m.a.RequestMappingHandlerMapping - 7 mappings in 'requestMappingHandlerMapping'
11:54:25.925 [eu.europa.ted.eforms.noticeeditordemo.EformsNoticeEditorDemoApplication.main()] DEBUG o.s.w.s.h.SimpleUrlHandlerMapping - Patterns [/webjars/**, /**] in 'resourceHandlerMapping'
11:54:25.940 [eu.europa.ted.eforms.noticeeditordemo.EformsNoticeEditorDemoApplication.main()] DEBUG o.s.w.s.m.m.a.ExceptionHandlerExceptionResolver - ControllerAdvice beans: 0 @ExceptionHandler, 1 ResponseBodyAdvice
11:54:25.991 [eu.europa.ted.eforms.noticeeditordemo.EformsNoticeEditorDemoApplication.main()] WARN  o.s.b.a.t.ThymeleafAutoConfiguration$DefaultTemplateResolverConfiguration - Cannot find template location: classpath:/templates/ (please add some templates or check your Thymeleaf configuration)
11:54:26.044 [eu.europa.ted.eforms.noticeeditordemo.EformsNoticeEditorDemoApplication.main()] INFO  o.a.coyote.http11.Http11NioProtocol - Starting ProtocolHandler ["http-nio-8080"]
11:54:26.113 [eu.europa.ted.eforms.noticeeditordemo.EformsNoticeEditorDemoApplication.main()] INFO  o.s.b.w.e.tomcat.TomcatWebServer - Tomcat started on port(s): 8080 (http) with context path ''
11:54:26.129 [eu.europa.ted.eforms.noticeeditordemo.EformsNoticeEditorDemoApplication.main()] INFO  e.e.t.e.n.EformsNoticeEditorDemoApplication - Started EformsNoticeEditorDemoApplication in 2.493 seconds (JVM running for 7.935)
12:07:26.967 [http-nio-8080-exec-1] INFO  o.a.c.c.C.[Tomcat].[localhost].[/] - Initializing Spring DispatcherServlet 'dispatcherServlet'
12:07:26.968 [http-nio-8080-exec-1] INFO  o.s.web.servlet.DispatcherServlet - Initializing Servlet 'dispatcherServlet'
12:07:26.968 [http-nio-8080-exec-1] DEBUG o.s.web.servlet.DispatcherServlet - Detected StandardServletMultipartResolver
12:07:26.968 [http-nio-8080-exec-1] DEBUG o.s.web.servlet.DispatcherServlet - Detected AcceptHeaderLocaleResolver
12:07:26.968 [http-nio-8080-exec-1] DEBUG o.s.web.servlet.DispatcherServlet - Detected FixedThemeResolver
12:07:26.969 [http-nio-8080-exec-1] DEBUG o.s.web.servlet.DispatcherServlet - Detected org.springframework.web.servlet.view.DefaultRequestToViewNameTranslator@22a7a8e7
12:07:26.970 [http-nio-8080-exec-1] DEBUG o.s.web.servlet.DispatcherServlet - Detected org.springframework.web.servlet.support.SessionFlashMapManager@c821b19
12:07:26.970 [http-nio-8080-exec-1] DEBUG o.s.web.servlet.DispatcherServlet - enableLoggingRequestDetails='false': request parameters and headers will be masked to prevent unsafe logging of potentially sensitive data
12:07:26.970 [http-nio-8080-exec-1] INFO  o.s.web.servlet.DispatcherServlet - Completed initialization in 2 ms
12:07:26.979 [http-nio-8080-exec-1] DEBUG o.s.web.servlet.DispatcherServlet - GET "/", parameters={}
12:07:26.991 [http-nio-8080-exec-1] DEBUG o.s.w.s.v.ContentNegotiatingViewResolver - Selected 'text/html' given [text/html, application/xhtml+xml, image/webp, application/xml;q=0.9, */*;q=0.8]
12:07:26.991 [http-nio-8080-exec-1] DEBUG o.s.w.s.view.InternalResourceView - View [InternalResourceView], model {}
12:07:26.992 [http-nio-8080-exec-1] DEBUG o.s.w.s.view.InternalResourceView - Forwarding to [index.html]
12:07:26.996 [http-nio-8080-exec-1] DEBUG o.s.web.servlet.DispatcherServlet - "FORWARD" dispatch for GET "/index.html", parameters={}
12:07:26.997 [http-nio-8080-exec-1] DEBUG o.s.w.s.h.SimpleUrlHandlerMapping - Mapped to ResourceHttpRequestHandler [classpath [META-INF/resources/], classpath [resources/], classpath [static/], classpath [public/], ServletContext [/]]
12:07:27.010 [http-nio-8080-exec-1] DEBUG o.s.web.servlet.DispatcherServlet - Exiting from "FORWARD" dispatch, status 200
12:07:27.011 [http-nio-8080-exec-1] DEBUG o.s.web.servlet.DispatcherServlet - Completed 200 OK
12:07:27.028 [http-nio-8080-exec-3] DEBUG o.s.web.servlet.DispatcherServlet - GET "/css/custom.css", parameters={}
12:07:27.029 [http-nio-8080-exec-3] DEBUG o.s.w.s.h.SimpleUrlHandlerMapping - Mapped to ResourceHttpRequestHandler [classpath [META-INF/resources/], classpath [resources/], classpath [static/], classpath [public/], ServletContext [/]]
12:07:27.030 [http-nio-8080-exec-4] DEBUG o.s.web.servlet.DispatcherServlet - GET "/js/custom/editor.js", parameters={}
12:07:27.031 [http-nio-8080-exec-4] DEBUG o.s.w.s.h.SimpleUrlHandlerMapping - Mapped to ResourceHttpRequestHandler [classpath [META-INF/resources/], classpath [resources/], classpath [static/], classpath [public/], ServletContext [/]]
12:07:27.034 [http-nio-8080-exec-3] DEBUG o.s.web.servlet.DispatcherServlet - Completed 200 OK
12:07:27.037 [http-nio-8080-exec-4] DEBUG o.s.web.servlet.DispatcherServlet - Completed 200 OK
12:07:27.042 [http-nio-8080-exec-5] DEBUG o.s.web.servlet.DispatcherServlet - GET "/favicon.ico", parameters={}
12:07:27.043 [http-nio-8080-exec-5] DEBUG o.s.w.s.h.SimpleUrlHandlerMapping - Mapped to ResourceHttpRequestHandler [classpath [META-INF/resources/], classpath [resources/], classpath [static/], classpath [public/], ServletContext [/]]
12:07:27.049 [http-nio-8080-exec-6] DEBUG o.s.web.servlet.DispatcherServlet - GET "/sdk/info", parameters={}
12:07:27.052 [http-nio-8080-exec-6] DEBUG o.s.w.s.m.m.a.RequestMappingHandlerMapping - Mapped to eu.europa.ted.eforms.noticeeditordemo.controller.SdkRestController#selectHomeInfo()
12:07:27.073 [http-nio-8080-exec-5] DEBUG o.s.web.servlet.DispatcherServlet - Completed 200 OK
12:07:27.072 [http-nio-8080-exec-6] INFO  e.e.t.e.n.c.SdkRestController - Fetching main info: 2022-06-09T10:07:27.068506Z
12:07:27.084 [http-nio-8080-exec-6] INFO  e.e.t.e.n.c.SdkRestController - Fetching main info: DONE
12:07:27.093 [http-nio-8080-exec-6] DEBUG o.s.w.s.m.m.a.RequestResponseBodyMethodProcessor - Using 'application/json', given [*/*] and supported [application/json]
12:07:27.108 [http-nio-8080-exec-6] DEBUG o.s.w.s.m.m.a.RequestResponseBodyMethodProcessor - Writing [{appVersion=1.0.0, sdkVersions=[0.7.1, 0.7.0]}]
12:07:27.123 [http-nio-8080-exec-6] DEBUG o.s.web.servlet.DispatcherServlet - Completed 200 OK
12:07:27.127 [http-nio-8080-exec-7] DEBUG o.s.web.servlet.DispatcherServlet - GET "/sdk/0.7.1/notice-types", parameters={}
12:07:27.128 [http-nio-8080-exec-7] DEBUG o.s.w.s.m.m.a.RequestMappingHandlerMapping - Mapped to eu.europa.ted.eforms.noticeeditordemo.controller.SdkRestController#selectNoticeTypesList(String)
12:07:27.148 [http-nio-8080-exec-7] INFO  e.e.t.e.n.c.SdkRestController - Fetching main info: DONE
12:07:27.148 [http-nio-8080-exec-7] DEBUG o.s.w.s.m.m.a.RequestResponseBodyMethodProcessor - Using 'application/json', given [*/*] and supported [application/json]
12:07:27.148 [http-nio-8080-exec-7] DEBUG o.s.w.s.m.m.a.RequestResponseBodyMethodProcessor - Writing [{sdkVersion=0.7.1, noticeTypes=[1, 2, 3, 4, 5, 6, 7, 8, 9, 10, 11, 12, 13, 14, 15, 16, 17, 18, 19, 2 (truncated)...]
12:07:27.149 [http-nio-8080-exec-7] DEBUG o.s.web.servlet.DispatcherServlet - Completed 200 OK
12:07:30.954 [http-nio-8080-exec-8] DEBUG o.s.web.servlet.DispatcherServlet - GET "/sdk/0.7.1/fields", parameters={}
12:07:30.955 [http-nio-8080-exec-8] DEBUG o.s.w.s.m.m.a.RequestMappingHandlerMapping - Mapped to eu.europa.ted.eforms.noticeeditordemo.controller.SdkRestController#serveNoticeTypeJson(HttpServletResponse, String)
12:07:30.989 [http-nio-8080-exec-8] DEBUG o.s.web.servlet.DispatcherServlet - Completed 200 OK
12:07:30.998 [http-nio-8080-exec-9] DEBUG o.s.web.servlet.DispatcherServlet - GET "/sdk/0.7.1/notice-types/CEI", parameters={}
12:07:30.999 [http-nio-8080-exec-9] DEBUG o.s.w.s.m.m.a.RequestMappingHandlerMapping - Mapped to eu.europa.ted.eforms.noticeeditordemo.controller.SdkRestController#serveNoticeTypeJson(HttpServletResponse, String, String)
12:07:31.001 [http-nio-8080-exec-9] DEBUG o.s.web.servlet.DispatcherServlet - Completed 200 OK
12:07:45.822 [http-nio-8080-exec-10] DEBUG o.s.web.servlet.DispatcherServlet - GET "/sdk/0.7.1/fields", parameters={}
12:07:45.823 [http-nio-8080-exec-10] DEBUG o.s.w.s.m.m.a.RequestMappingHandlerMapping - Mapped to eu.europa.ted.eforms.noticeeditordemo.controller.SdkRestController#serveNoticeTypeJson(HttpServletResponse, String)
12:07:45.838 [http-nio-8080-exec-10] DEBUG o.s.web.servlet.DispatcherServlet - Completed 200 OK
12:07:45.850 [http-nio-8080-exec-2] DEBUG o.s.web.servlet.DispatcherServlet - GET "/sdk/0.7.1/notice-types/10", parameters={}
12:07:45.851 [http-nio-8080-exec-2] DEBUG o.s.w.s.m.m.a.RequestMappingHandlerMapping - Mapped to eu.europa.ted.eforms.noticeeditordemo.controller.SdkRestController#serveNoticeTypeJson(HttpServletResponse, String, String)
12:07:45.854 [http-nio-8080-exec-2] DEBUG o.s.web.servlet.DispatcherServlet - Completed 200 OK
12:13:44.635 [eu.europa.ted.eforms.noticeeditor.EformsNoticeEditorApp.main()] INFO  e.e.t.e.n.EformsNoticeEditorApp - STARTING eForms Notice Editor Demo Application
12:13:45.292 [eu.europa.ted.eforms.noticeeditor.EformsNoticeEditorApp.main()] INFO  e.e.t.e.n.EformsNoticeEditorApp - Starting EformsNoticeEditorApp using Java 15.0.2 on 02DI20192628272 with PID 3272 (C:\Users\rouschr\dev\eclipse-workspace\tedefo\eforms-notice-editor\target\classes started by rouschr in C:\Users\rouschr\dev\eclipse-workspace\tedefo\eforms-notice-editor)
12:13:45.294 [eu.europa.ted.eforms.noticeeditor.EformsNoticeEditorApp.main()] DEBUG e.e.t.e.n.EformsNoticeEditorApp - Running with Spring Boot v2.7.0, Spring v5.3.20
12:13:45.295 [eu.europa.ted.eforms.noticeeditor.EformsNoticeEditorApp.main()] INFO  e.e.t.e.n.EformsNoticeEditorApp - No active profile set, falling back to 1 default profile: "default"
12:13:45.363 [eu.europa.ted.eforms.noticeeditor.EformsNoticeEditorApp.main()] INFO  o.s.b.d.e.DevToolsPropertyDefaultsPostProcessor - For additional web related logging consider setting the 'logging.level.web' property to 'DEBUG'
12:13:46.568 [eu.europa.ted.eforms.noticeeditor.EformsNoticeEditorApp.main()] INFO  o.s.b.w.e.tomcat.TomcatWebServer - Tomcat initialized with port(s): 8080 (http)
12:13:46.579 [eu.europa.ted.eforms.noticeeditor.EformsNoticeEditorApp.main()] INFO  o.a.coyote.http11.Http11NioProtocol - Initializing ProtocolHandler ["http-nio-8080"]
12:13:46.579 [eu.europa.ted.eforms.noticeeditor.EformsNoticeEditorApp.main()] INFO  o.a.catalina.core.StandardService - Starting service [Tomcat]
12:13:46.579 [eu.europa.ted.eforms.noticeeditor.EformsNoticeEditorApp.main()] INFO  o.a.catalina.core.StandardEngine - Starting Servlet engine: [Apache Tomcat/9.0.63]
12:13:46.710 [eu.europa.ted.eforms.noticeeditor.EformsNoticeEditorApp.main()] INFO  o.a.c.c.C.[Tomcat].[localhost].[/] - Initializing Spring embedded WebApplicationContext
12:13:46.711 [eu.europa.ted.eforms.noticeeditor.EformsNoticeEditorApp.main()] INFO  o.s.b.w.s.c.ServletWebServerApplicationContext - Root WebApplicationContext: initialization completed in 1347 ms
12:13:46.909 [eu.europa.ted.eforms.noticeeditor.EformsNoticeEditorApp.main()] DEBUG o.s.w.s.m.m.a.RequestMappingHandlerAdapter - ControllerAdvice beans: 0 @ModelAttribute, 0 @InitBinder, 1 RequestBodyAdvice, 1 ResponseBodyAdvice
12:13:46.977 [eu.europa.ted.eforms.noticeeditor.EformsNoticeEditorApp.main()] INFO  o.s.b.a.w.s.WelcomePageHandlerMapping - Adding welcome page: class path resource [static/index.html]
12:13:47.076 [eu.europa.ted.eforms.noticeeditor.EformsNoticeEditorApp.main()] DEBUG o.s.w.s.m.m.a.RequestMappingHandlerMapping - 7 mappings in 'requestMappingHandlerMapping'
12:13:47.113 [eu.europa.ted.eforms.noticeeditor.EformsNoticeEditorApp.main()] DEBUG o.s.w.s.h.SimpleUrlHandlerMapping - Patterns [/webjars/**, /**] in 'resourceHandlerMapping'
12:13:47.133 [eu.europa.ted.eforms.noticeeditor.EformsNoticeEditorApp.main()] DEBUG o.s.w.s.m.m.a.ExceptionHandlerExceptionResolver - ControllerAdvice beans: 0 @ExceptionHandler, 1 ResponseBodyAdvice
12:13:47.197 [eu.europa.ted.eforms.noticeeditor.EformsNoticeEditorApp.main()] WARN  o.s.b.a.t.ThymeleafAutoConfiguration$DefaultTemplateResolverConfiguration - Cannot find template location: classpath:/templates/ (please add some templates or check your Thymeleaf configuration)
12:13:47.264 [eu.europa.ted.eforms.noticeeditor.EformsNoticeEditorApp.main()] INFO  o.a.coyote.http11.Http11NioProtocol - Starting ProtocolHandler ["http-nio-8080"]
12:13:47.338 [eu.europa.ted.eforms.noticeeditor.EformsNoticeEditorApp.main()] INFO  o.s.b.w.e.tomcat.TomcatWebServer - Tomcat started on port(s): 8080 (http) with context path ''
12:13:47.355 [eu.europa.ted.eforms.noticeeditor.EformsNoticeEditorApp.main()] INFO  e.e.t.e.n.EformsNoticeEditorApp - Started EformsNoticeEditorApp in 2.606 seconds (JVM running for 6.922)
12:13:54.571 [http-nio-8080-exec-1] INFO  o.a.c.c.C.[Tomcat].[localhost].[/] - Initializing Spring DispatcherServlet 'dispatcherServlet'
12:13:54.572 [http-nio-8080-exec-1] INFO  o.s.web.servlet.DispatcherServlet - Initializing Servlet 'dispatcherServlet'
12:13:54.572 [http-nio-8080-exec-1] DEBUG o.s.web.servlet.DispatcherServlet - Detected StandardServletMultipartResolver
12:13:54.572 [http-nio-8080-exec-1] DEBUG o.s.web.servlet.DispatcherServlet - Detected AcceptHeaderLocaleResolver
12:13:54.572 [http-nio-8080-exec-1] DEBUG o.s.web.servlet.DispatcherServlet - Detected FixedThemeResolver
12:13:54.573 [http-nio-8080-exec-1] DEBUG o.s.web.servlet.DispatcherServlet - Detected org.springframework.web.servlet.view.DefaultRequestToViewNameTranslator@22a7a8e7
12:13:54.573 [http-nio-8080-exec-1] DEBUG o.s.web.servlet.DispatcherServlet - Detected org.springframework.web.servlet.support.SessionFlashMapManager@c821b19
12:13:54.573 [http-nio-8080-exec-1] DEBUG o.s.web.servlet.DispatcherServlet - enableLoggingRequestDetails='false': request parameters and headers will be masked to prevent unsafe logging of potentially sensitive data
12:13:54.573 [http-nio-8080-exec-1] INFO  o.s.web.servlet.DispatcherServlet - Completed initialization in 1 ms
12:13:54.581 [http-nio-8080-exec-1] DEBUG o.s.web.servlet.DispatcherServlet - GET "/", parameters={}
12:13:54.593 [http-nio-8080-exec-1] DEBUG o.s.w.s.v.ContentNegotiatingViewResolver - Selected 'text/html' given [text/html, application/xhtml+xml, image/webp, application/xml;q=0.9, */*;q=0.8]
12:13:54.593 [http-nio-8080-exec-1] DEBUG o.s.w.s.view.InternalResourceView - View [InternalResourceView], model {}
12:13:54.594 [http-nio-8080-exec-1] DEBUG o.s.w.s.view.InternalResourceView - Forwarding to [index.html]
12:13:54.598 [http-nio-8080-exec-1] DEBUG o.s.web.servlet.DispatcherServlet - "FORWARD" dispatch for GET "/index.html", parameters={}
12:13:54.600 [http-nio-8080-exec-1] DEBUG o.s.w.s.h.SimpleUrlHandlerMapping - Mapped to ResourceHttpRequestHandler [classpath [META-INF/resources/], classpath [resources/], classpath [static/], classpath [public/], ServletContext [/]]
12:13:54.603 [http-nio-8080-exec-1] DEBUG o.s.web.servlet.DispatcherServlet - Exiting from "FORWARD" dispatch, status 304
12:13:54.604 [http-nio-8080-exec-1] DEBUG o.s.web.servlet.DispatcherServlet - Completed 304 NOT_MODIFIED
12:13:54.624 [http-nio-8080-exec-2] DEBUG o.s.web.servlet.DispatcherServlet - GET "/js/custom/editor.js", parameters={}
12:13:54.625 [http-nio-8080-exec-2] DEBUG o.s.w.s.h.SimpleUrlHandlerMapping - Mapped to ResourceHttpRequestHandler [classpath [META-INF/resources/], classpath [resources/], classpath [static/], classpath [public/], ServletContext [/]]
12:13:54.627 [http-nio-8080-exec-2] DEBUG o.s.web.servlet.DispatcherServlet - Completed 304 NOT_MODIFIED
12:13:54.646 [http-nio-8080-exec-3] DEBUG o.s.web.servlet.DispatcherServlet - GET "/sdk/info", parameters={}
12:13:54.648 [http-nio-8080-exec-3] DEBUG o.s.w.s.m.m.a.RequestMappingHandlerMapping - Mapped to eu.europa.ted.eforms.noticeeditor.controller.SdkRestController#selectHomeInfo()
12:13:54.659 [http-nio-8080-exec-3] INFO  e.e.t.e.n.c.SdkRestController - Fetching main info: 2022-06-09T10:13:54.658707800Z
12:13:54.663 [http-nio-8080-exec-3] INFO  e.e.t.e.n.c.SdkRestController - Fetching main info: DONE
12:13:54.673 [http-nio-8080-exec-3] DEBUG o.s.w.s.m.m.a.RequestResponseBodyMethodProcessor - Using 'application/json', given [*/*] and supported [application/json]
12:13:54.681 [http-nio-8080-exec-3] DEBUG o.s.w.s.m.m.a.RequestResponseBodyMethodProcessor - Writing [{appVersion=1.0.0, sdkVersions=[0.7.1, 0.7.0]}]
12:13:54.707 [http-nio-8080-exec-3] DEBUG o.s.web.servlet.DispatcherServlet - Completed 200 OK
12:13:54.711 [http-nio-8080-exec-4] DEBUG o.s.web.servlet.DispatcherServlet - GET "/sdk/0.7.1/notice-types", parameters={}
12:13:54.712 [http-nio-8080-exec-4] DEBUG o.s.w.s.m.m.a.RequestMappingHandlerMapping - Mapped to eu.europa.ted.eforms.noticeeditor.controller.SdkRestController#selectNoticeTypesList(String)
12:13:54.731 [http-nio-8080-exec-4] INFO  e.e.t.e.n.c.SdkRestController - Fetching main info: DONE
12:13:54.731 [http-nio-8080-exec-4] DEBUG o.s.w.s.m.m.a.RequestResponseBodyMethodProcessor - Using 'application/json', given [*/*] and supported [application/json]
12:13:54.731 [http-nio-8080-exec-4] DEBUG o.s.w.s.m.m.a.RequestResponseBodyMethodProcessor - Writing [{sdkVersion=0.7.1, noticeTypes=[1, 2, 3, 4, 5, 6, 7, 8, 9, 10, 11, 12, 13, 14, 15, 16, 17, 18, 19, 2 (truncated)...]
12:13:54.732 [http-nio-8080-exec-4] DEBUG o.s.web.servlet.DispatcherServlet - Completed 200 OK
12:13:57.179 [http-nio-8080-exec-5] DEBUG o.s.web.servlet.DispatcherServlet - GET "/sdk/0.7.1/fields", parameters={}
12:13:57.180 [http-nio-8080-exec-5] DEBUG o.s.w.s.m.m.a.RequestMappingHandlerMapping - Mapped to eu.europa.ted.eforms.noticeeditor.controller.SdkRestController#serveNoticeTypeJson(HttpServletResponse, String)
12:13:57.217 [http-nio-8080-exec-5] DEBUG o.s.web.servlet.DispatcherServlet - Completed 200 OK
12:13:57.235 [http-nio-8080-exec-6] DEBUG o.s.web.servlet.DispatcherServlet - GET "/sdk/0.7.1/notice-types/1", parameters={}
12:13:57.236 [http-nio-8080-exec-6] DEBUG o.s.w.s.m.m.a.RequestMappingHandlerMapping - Mapped to eu.europa.ted.eforms.noticeeditor.controller.SdkRestController#serveNoticeTypeJson(HttpServletResponse, String, String)
12:13:57.238 [http-nio-8080-exec-6] DEBUG o.s.web.servlet.DispatcherServlet - Completed 200 OK
